  [1m[36m (35.1ms)[0m  [1mCREATE TABLE "schema_migrations" ("version" character varying NOT NULL) [0m
  [1m[35m (1.4ms)[0m  CREATE UNIQUE INDEX  "unique_schema_migrations" ON "schema_migrations"  ("version")
  [1m[36mActiveRecord::SchemaMigration Load (0.3ms)[0m  [1mSELECT "schema_migrations".* FROM "schema_migrations"[0m
Migrating to CreateMovies (20160615193212)
  [1m[35m (0.2ms)[0m  BEGIN
  [1m[36m (19.3ms)[0m  [1mCREATE TABLE "movies" ("id" serial primary key, "title" character varying, "image" character varying, "description" text, "genre" character varying, "created_at" timestamp NOT NULL, "updated_at" timestamp NOT NULL) [0m
  [1m[35mSQL (0.4ms)[0m  INSERT INTO "schema_migrations" ("version") VALUES ($1)  [["version", "20160615193212"]]
  [1m[36m (22.8ms)[0m  [1mCOMMIT[0m
Migrating to CreateUsers (20160615193217)
  [1m[35m (0.3ms)[0m  BEGIN
  [1m[36m (2.9ms)[0m  [1mCREATE TABLE "users" ("id" serial primary key, "name" character varying, "email" character varying, "password_digest" character varying, "created_at" timestamp NOT NULL, "updated_at" timestamp NOT NULL) [0m
  [1m[35mSQL (0.2ms)[0m  INSERT INTO "schema_migrations" ("version") VALUES ($1)  [["version", "20160615193217"]]
  [1m[36m (0.4ms)[0m  [1mCOMMIT[0m
Migrating to CreateReviews (20160615193227)
  [1m[35m (0.2ms)[0m  BEGIN
  [1m[36m (3.9ms)[0m  [1mCREATE TABLE "reviews" ("id" serial primary key, "title" character varying, "body" text, "score" integer, "reviewer_id" integer, "movie_id" integer, "created_at" timestamp NOT NULL, "updated_at" timestamp NOT NULL) [0m
  [1m[35mSQL (0.3ms)[0m  INSERT INTO "schema_migrations" ("version") VALUES ($1)  [["version", "20160615193227"]]
  [1m[36m (0.7ms)[0m  [1mCOMMIT[0m
Migrating to CreateComments (20160615193347)
  [1m[35m (0.3ms)[0m  BEGIN
  [1m[36m (4.6ms)[0m  [1mCREATE TABLE "comments" ("id" serial primary key, "body" text, "commenter_id" integer, "review_id" integer, "created_at" timestamp NOT NULL, "updated_at" timestamp NOT NULL) [0m
  [1m[35mSQL (0.1ms)[0m  INSERT INTO "schema_migrations" ("version") VALUES ($1)  [["version", "20160615193347"]]
  [1m[36m (0.4ms)[0m  [1mCOMMIT[0m
Migrating to ActsAsVotableMigration (20160616161450)
  [1m[35m (0.2ms)[0m  BEGIN
DEPRECATION WARNING: `#timestamps` was called without specifying an option for `null`. In Rails 5, this behavior will change to `null: false`. You should manually specify `null: true` to prevent the behavior of your existing migrations from changing. (called from block in up at /Users/apprentice/Desktop/codnametomatoe/killer-tomatoes/db/migrate/20160616161450_acts_as_votable_migration.rb:12)
  [1m[36m (3.4ms)[0m  [1mCREATE TABLE "votes" ("id" serial primary key, "votable_id" integer, "votable_type" character varying, "voter_id" integer, "voter_type" character varying, "vote_flag" boolean, "vote_scope" character varying, "vote_weight" integer, "created_at" timestamp, "updated_at" timestamp) [0m
  [1m[35m (2.2ms)[0m  CREATE  INDEX  "index_votes_on_voter_id_and_voter_type_and_vote_scope" ON "votes"  ("voter_id", "voter_type", "vote_scope")
  [1m[36m (1.1ms)[0m  [1mCREATE  INDEX  "index_votes_on_votable_id_and_votable_type_and_vote_scope" ON "votes"  ("votable_id", "votable_type", "vote_scope")[0m
  [1m[35mSQL (0.2ms)[0m  INSERT INTO "schema_migrations" ("version") VALUES ($1)  [["version", "20160616161450"]]
  [1m[36m (0.6ms)[0m  [1mCOMMIT[0m
  [1m[35mActiveRecord::SchemaMigration Load (0.2ms)[0m  SELECT "schema_migrations".* FROM "schema_migrations"
  [1m[36m (2.6ms)[0m  [1mSELECT t2.oid::regclass::text AS to_table, a1.attname AS column, a2.attname AS primary_key, c.conname AS name, c.confupdtype AS on_update, c.confdeltype AS on_delete
FROM pg_constraint c
JOIN pg_class t1 ON c.conrelid = t1.oid
JOIN pg_class t2 ON c.confrelid = t2.oid
JOIN pg_attribute a1 ON a1.attnum = c.conkey[1] AND a1.attrelid = t1.oid
JOIN pg_attribute a2 ON a2.attnum = c.confkey[1] AND a2.attrelid = t2.oid
JOIN pg_namespace t3 ON c.connamespace = t3.oid
WHERE c.contype = 'f'
  AND t1.relname = 'comments'
  AND t3.nspname = ANY (current_schemas(false))
ORDER BY c.conname
[0m
  [1m[35m (1.9ms)[0m  SELECT t2.oid::regclass::text AS to_table, a1.attname AS column, a2.attname AS primary_key, c.conname AS name, c.confupdtype AS on_update, c.confdeltype AS on_delete
FROM pg_constraint c
JOIN pg_class t1 ON c.conrelid = t1.oid
JOIN pg_class t2 ON c.confrelid = t2.oid
JOIN pg_attribute a1 ON a1.attnum = c.conkey[1] AND a1.attrelid = t1.oid
JOIN pg_attribute a2 ON a2.attnum = c.confkey[1] AND a2.attrelid = t2.oid
JOIN pg_namespace t3 ON c.connamespace = t3.oid
WHERE c.contype = 'f'
  AND t1.relname = 'movies'
  AND t3.nspname = ANY (current_schemas(false))
ORDER BY c.conname

  [1m[36m (1.8ms)[0m  [1mSELECT t2.oid::regclass::text AS to_table, a1.attname AS column, a2.attname AS primary_key, c.conname AS name, c.confupdtype AS on_update, c.confdeltype AS on_delete
FROM pg_constraint c
JOIN pg_class t1 ON c.conrelid = t1.oid
JOIN pg_class t2 ON c.confrelid = t2.oid
JOIN pg_attribute a1 ON a1.attnum = c.conkey[1] AND a1.attrelid = t1.oid
JOIN pg_attribute a2 ON a2.attnum = c.confkey[1] AND a2.attrelid = t2.oid
JOIN pg_namespace t3 ON c.connamespace = t3.oid
WHERE c.contype = 'f'
  AND t1.relname = 'reviews'
  AND t3.nspname = ANY (current_schemas(false))
ORDER BY c.conname
[0m
  [1m[35m (1.8ms)[0m  SELECT t2.oid::regclass::text AS to_table, a1.attname AS column, a2.attname AS primary_key, c.conname AS name, c.confupdtype AS on_update, c.confdeltype AS on_delete
FROM pg_constraint c
JOIN pg_class t1 ON c.conrelid = t1.oid
JOIN pg_class t2 ON c.confrelid = t2.oid
JOIN pg_attribute a1 ON a1.attnum = c.conkey[1] AND a1.attrelid = t1.oid
JOIN pg_attribute a2 ON a2.attnum = c.confkey[1] AND a2.attrelid = t2.oid
JOIN pg_namespace t3 ON c.connamespace = t3.oid
WHERE c.contype = 'f'
  AND t1.relname = 'users'
  AND t3.nspname = ANY (current_schemas(false))
ORDER BY c.conname

  [1m[36m (1.8ms)[0m  [1mSELECT t2.oid::regclass::text AS to_table, a1.attname AS column, a2.attname AS primary_key, c.conname AS name, c.confupdtype AS on_update, c.confdeltype AS on_delete
FROM pg_constraint c
JOIN pg_class t1 ON c.conrelid = t1.oid
JOIN pg_class t2 ON c.confrelid = t2.oid
JOIN pg_attribute a1 ON a1.attnum = c.conkey[1] AND a1.attrelid = t1.oid
JOIN pg_attribute a2 ON a2.attnum = c.confkey[1] AND a2.attrelid = t2.oid
JOIN pg_namespace t3 ON c.connamespace = t3.oid
WHERE c.contype = 'f'
  AND t1.relname = 'votes'
  AND t3.nspname = ANY (current_schemas(false))
ORDER BY c.conname
[0m
  [1m[36mActiveRecord::SchemaMigration Load (0.8ms)[0m  [1mSELECT "schema_migrations".* FROM "schema_migrations"[0m
  [1m[35m (0.3ms)[0m  BEGIN
  [1m[36mSQL (0.8ms)[0m  [1mINSERT INTO "movies" ("title", "image", "description", "genre", "created_at", "updated_at") VALUES ($1, $2, $3, $4, $5, $6) RETURNING "id"[0m  [["title", "I Love You, Man"], ["image", "https://upload.wikimedia.org/wikipedia/en/4/42/I_Love_You,_Man.jpg"], ["description", "Friendless Peter Klaven goes on a series of man-dates to find a Best Man for his wedding. But, when his insta-bond with his new B.F.F. puts a strain on his relationship with his fiancée, can the trio learn to live happily ever after?"], ["genre", "comedy"], ["created_at", "2016-06-17 18:36:26.806435"], ["updated_at", "2016-06-17 18:36:26.806435"]]
  [1m[35m (15.1ms)[0m  COMMIT
  [1m[36m (0.2ms)[0m  [1mBEGIN[0m
  [1m[35mSQL (0.3ms)[0m  INSERT INTO "movies" ("title", "image", "description", "genre", "created_at", "updated_at") VALUES ($1, $2, $3, $4, $5, $6) RETURNING "id"  [["title", "Return of the Killer Tomatoes"], ["image", "http://assets.flicks.co.nz/images/movies/poster/90/90610aa0e24f63ec6d2637e06f9b9af2_500x735.jpg"], ["description", "Crazy old Professor Gangreen has developed a way to make tomatoes look human for a second invasion."], ["genre", "sci-fi"], ["created_at", "2016-06-17 18:36:26.829097"], ["updated_at", "2016-06-17 18:36:26.829097"]]
  [1m[36m (0.4ms)[0m  [1mCOMMIT[0m
  [1m[35m (0.1ms)[0m  BEGIN
  [1m[36mSQL (0.4ms)[0m  [1mINSERT INTO "movies" ("title", "image", "description", "genre", "created_at", "updated_at") VALUES ($1, $2, $3, $4, $5, $6) RETURNING "id"[0m  [["title", "Blade Runner"], ["image", "https://www.movieposter.com/posters/archive/main/79/MPW-39919"], ["description", "A blade runner must pursue and try to terminate four replicants who stole a ship in space and have returned to Earth to find their creator."], ["genre", "sci-fi"], ["created_at", "2016-06-17 18:36:26.831970"], ["updated_at", "2016-06-17 18:36:26.831970"]]
  [1m[35m (0.4ms)[0m  COMMIT
  [1m[36m (0.1ms)[0m  [1mBEGIN[0m
  [1m[35mSQL (0.2ms)[0m  INSERT INTO "movies" ("title", "image", "description", "genre", "created_at", "updated_at") VALUES ($1, $2, $3, $4, $5, $6) RETURNING "id"  [["title", "Frozen"], ["image", "http://vignette2.wikia.nocookie.net/disney/images/2/27/Frozen_-_Poster.jpg/revision/latest?cb=20141122215852"], ["description", "When the newly crowned Queen Elsa accidentally uses her power to turn things into ice to curse her home in infinite winter, her sister, Anna, teams up with a mountain man, his playful reindeer, and a snowman to change the weather condition."], ["genre", "animated"], ["created_at", "2016-06-17 18:36:26.834695"], ["updated_at", "2016-06-17 18:36:26.834695"]]
  [1m[36m (0.4ms)[0m  [1mCOMMIT[0m
  [1m[35m (0.1ms)[0m  BEGIN
  [1m[36mSQL (0.2ms)[0m  [1mINSERT INTO "movies" ("title", "image", "description", "genre", "created_at", "updated_at") VALUES ($1, $2, $3, $4, $5, $6) RETURNING "id"[0m  [["title", "Star Wars: Episode IV - A New Hope"], ["image", "http://i.kinja-img.com/gawker-media/image/upload/s---zKMfGT0--/c_scale,fl_progressive,q_80,w_800/19fk32sw3nt1wjpg.jpg"], ["description", "Luke Skywalker joins forces with a Jedi Knight, a cocky pilot, a wookiee and two droids to save the galaxy from the Empire's world-destroying battle-station, while also attempting to rescue Princess Leia from the evil Darth Vader."], ["genre", "sci-fi"], ["created_at", "2016-06-17 18:36:26.836957"], ["updated_at", "2016-06-17 18:36:26.836957"]]
  [1m[35m (0.5ms)[0m  COMMIT
  [1m[36m (0.1ms)[0m  [1mBEGIN[0m
  [1m[35mSQL (0.2ms)[0m  INSERT INTO "movies" ("title", "image", "description", "genre", "created_at", "updated_at") VALUES ($1, $2, $3, $4, $5, $6) RETURNING "id"  [["title", "Under the Tuscan Sun"], ["image", "http://ecx.images-amazon.com/images/I/51vS9Sf38qL._SY450_.jpg"], ["description", "A writer impulsively buys a villa in Tuscany in order to change her life."], ["genre", "romance"], ["created_at", "2016-06-17 18:36:26.839389"], ["updated_at", "2016-06-17 18:36:26.839389"]]
  [1m[36m (0.3ms)[0m  [1mCOMMIT[0m
  [1m[35m (0.1ms)[0m  BEGIN
  [1m[36mSQL (0.2ms)[0m  [1mINSERT INTO "movies" ("title", "image", "description", "genre", "created_at", "updated_at") VALUES ($1, $2, $3, $4, $5, $6) RETURNING "id"[0m  [["title", "Skyfall"], ["image", "http://cdn.collider.com/wp-content/uploads/skyfall-uk-poster.jpg"], ["description", "Bond's loyalty to M is tested when her past comes back to haunt her. Whilst MI6 comes under attack, 007 must track down and destroy the threat, no matter how personal the cost."], ["genre", "action"], ["created_at", "2016-06-17 18:36:26.841581"], ["updated_at", "2016-06-17 18:36:26.841581"]]
  [1m[35m (0.3ms)[0m  COMMIT
  [1m[36m (0.1ms)[0m  [1mBEGIN[0m
  [1m[35mSQL (0.1ms)[0m  INSERT INTO "movies" ("title", "image", "description", "genre", "created_at", "updated_at") VALUES ($1, $2, $3, $4, $5, $6) RETURNING "id"  [["title", "Face/Off"], ["image", "http://ia.media-imdb.com/images/M/MV5BMTU4MjA5NTc2NV5BMl5BanBnXkFtZTgwOTI2Mzk5MDE@._V1_.jpg"], ["description", "In order to foil an extortion plot, an FBI agent undergoes a face-transplant surgery and assumes the identity and physical appearance of a ruthless terrorist, but the plan turns from bad to worse when the same criminal impersonates the cop."], ["genre", "drama"], ["created_at", "2016-06-17 18:36:26.843483"], ["updated_at", "2016-06-17 18:36:26.843483"]]
  [1m[36m (0.3ms)[0m  [1mCOMMIT[0m
  [1m[35m (0.1ms)[0m  BEGIN
  [1m[36mSQL (0.2ms)[0m  [1mINSERT INTO "movies" ("title", "image", "description", "genre", "created_at", "updated_at") VALUES ($1, $2, $3, $4, $5, $6) RETURNING "id"[0m  [["title", "Jurassic Park"], ["image", "http://images.moviepostershop.com/jurassic-park-movie-poster-1992-1020141477.jpg"], ["description", "During a preview tour, a theme park suffers a major power breakdown that allows its cloned dinosaur exhibits to run amok."], ["genre", "sci-fi"], ["created_at", "2016-06-17 18:36:26.845587"], ["updated_at", "2016-06-17 18:36:26.845587"]]
  [1m[35m (0.4ms)[0m  COMMIT
  [1m[36m (0.1ms)[0m  [1mBEGIN[0m
  [1m[35mSQL (0.2ms)[0m  INSERT INTO "movies" ("title", "image", "description", "genre", "created_at", "updated_at") VALUES ($1, $2, $3, $4, $5, $6) RETURNING "id"  [["title", "The Lord of the Rings: The Fellowship of the Ring "], ["image", "http://ia.media-imdb.com/images/M/MV5BNTEyMjAwMDU1OV5BMl5BanBnXkFtZTcwNDQyNTkxMw@@._V1_.jpg"], ["description", "A meek Hobbit and eight companions set out on a journey to destroy the One Ring and the Dark Lord Sauron."], ["genre", "fantasy"], ["created_at", "2016-06-17 18:36:26.847694"], ["updated_at", "2016-06-17 18:36:26.847694"]]
  [1m[36m (0.4ms)[0m  [1mCOMMIT[0m
  [1m[35m (0.1ms)[0m  BEGIN
  [1m[36mSQL (0.2ms)[0m  [1mINSERT INTO "movies" ("title", "image", "description", "genre", "created_at", "updated_at") VALUES ($1, $2, $3, $4, $5, $6) RETURNING "id"[0m  [["title", "Bridesmaids"], ["image", "http://ia.media-imdb.com/images/M/MV5BMjAyOTMyMzUxNl5BMl5BanBnXkFtZTcwODI4MzE0NA@@._V1_SY1000_CR0,0,675,1000_AL_.jpg"], ["description", "Competition between the maid of honor and a bridesmaid, over who is the bride's best friend, threatens to upend the life of an out-of-work pastry chef."], ["genre", "comedy"], ["created_at", "2016-06-17 18:36:26.849621"], ["updated_at", "2016-06-17 18:36:26.849621"]]
  [1m[35m (0.3ms)[0m  COMMIT
  [1m[36m (0.1ms)[0m  [1mBEGIN[0m
  [1m[35mSQL (0.2ms)[0m  INSERT INTO "movies" ("title", "image", "description", "genre", "created_at", "updated_at") VALUES ($1, $2, $3, $4, $5, $6) RETURNING "id"  [["title", "Office Space"], ["image", "http://ia.media-imdb.com/images/M/MV5BOTA5MzQ3MzI1NV5BMl5BanBnXkFtZTgwNTcxNTYxMTE@._V1_SY1000_CR0,0,675,1000_AL_.jpg"], ["description", "Three company workers who hate their jobs decide to rebel against their greedy boss."], ["genre", "comedy"], ["created_at", "2016-06-17 18:36:26.851871"], ["updated_at", "2016-06-17 18:36:26.851871"]]
  [1m[36m (0.3ms)[0m  [1mCOMMIT[0m
  [1m[35m (0.2ms)[0m  BEGIN
  [1m[36mSQL (0.4ms)[0m  [1mINSERT INTO "movies" ("title", "image", "description", "genre", "created_at", "updated_at") VALUES ($1, $2, $3, $4, $5, $6) RETURNING "id"[0m  [["title", "Anchorman: The Legend of Ron Burgundy "], ["image", "http://ia.media-imdb.com/images/M/MV5BMTQ2MzYwMzk5Ml5BMl5BanBnXkFtZTcwOTI4NzUyMw@@._V1_SY1000_CR0,0,674,1000_AL_.jpg"], ["description", "Ron Burgundy is San Diego's top rated newsman in the male-dominated broadcasting of the '70s, but that's all about to change for Ron and his cronies when an ambitious woman is hired as a new anchor."], ["genre", "comedy"], ["created_at", "2016-06-17 18:36:26.854663"], ["updated_at", "2016-06-17 18:36:26.854663"]]
  [1m[35m (0.4ms)[0m  COMMIT
  [1m[36m (0.2ms)[0m  [1mBEGIN[0m
  [1m[35mSQL (0.3ms)[0m  INSERT INTO "movies" ("title", "image", "description", "genre", "created_at", "updated_at") VALUES ($1, $2, $3, $4, $5, $6) RETURNING "id"  [["title", "Finding Nemo"], ["image", "http://ia.media-imdb.com/images/M/MV5BMTY1MTg1NDAxOV5BMl5BanBnXkFtZTcwMjg1MDI5Nw@@._V1_SY1000_CR0,0,675,1000_AL_.jpg"], ["description", "After his son is captured in the Great Barrier Reef and taken to Sydney, a timid clownfish sets out on a journey to bring him home."], ["genre", "animated"], ["created_at", "2016-06-17 18:36:26.858872"], ["updated_at", "2016-06-17 18:36:26.858872"]]
  [1m[36m (0.5ms)[0m  [1mCOMMIT[0m
  [1m[35m (0.1ms)[0m  BEGIN
  [1m[36mSQL (0.2ms)[0m  [1mINSERT INTO "movies" ("title", "image", "description", "genre", "created_at", "updated_at") VALUES ($1, $2, $3, $4, $5, $6) RETURNING "id"[0m  [["title", "GoodFellas"], ["image", "http://ia.media-imdb.com/images/M/MV5BMTY2OTE5MzQ3MV5BMl5BanBnXkFtZTgwMTY2NTYxMTE@._V1_.jpg"], ["description", "Henry Hill and his friends work their way up through the mob hierarchy."], ["genre", "drama"], ["created_at", "2016-06-17 18:36:26.862736"], ["updated_at", "2016-06-17 18:36:26.862736"]]
  [1m[35m (0.3ms)[0m  COMMIT
  [1m[36m (0.1ms)[0m  [1mBEGIN[0m
  [1m[35mSQL (0.3ms)[0m  INSERT INTO "movies" ("title", "image", "description", "genre", "created_at", "updated_at") VALUES ($1, $2, $3, $4, $5, $6) RETURNING "id"  [["title", "Grease"], ["image", "http://ia.media-imdb.com/images/M/MV5BMTcyMTA5MTY3MF5BMl5BanBnXkFtZTgwMTMwNzAxMDE@._V1_.jpg"], ["description", "Good girl Sandy and greaser Danny fell in love over the summer. When they unexpectedly discover they're now in the same high school, will they be able to rekindle their romance?"], ["genre", "musical"], ["created_at", "2016-06-17 18:36:26.865500"], ["updated_at", "2016-06-17 18:36:26.865500"]]
  [1m[36m (0.4ms)[0m  [1mCOMMIT[0m
  [1m[35m (0.1ms)[0m  BEGIN
  [1m[36mSQL (0.2ms)[0m  [1mINSERT INTO "movies" ("title", "image", "description", "genre", "created_at", "updated_at") VALUES ($1, $2, $3, $4, $5, $6) RETURNING "id"[0m  [["title", "Dirty Dancing"], ["image", "http://www.imdb.com/title/tt0092890/mediaviewer/rm4168602624"], ["description", "Spending the summer at a Catskills resort with her family, Frances 'Baby' Houseman falls in love with the camp's dance instructor, Johnny Castle."], ["genre", "romance"], ["created_at", "2016-06-17 18:36:26.868442"], ["updated_at", "2016-06-17 18:36:26.868442"]]
  [1m[35m (0.4ms)[0m  COMMIT
  [1m[36m (0.1ms)[0m  [1mBEGIN[0m
  [1m[35mSQL (0.2ms)[0m  INSERT INTO "movies" ("title", "image", "description", "genre", "created_at", "updated_at") VALUES ($1, $2, $3, $4, $5, $6) RETURNING "id"  [["title", "The Godfather"], ["image", "http://ia.media-imdb.com/images/M/MV5BMjEyMjcyNDI4MF5BMl5BanBnXkFtZTcwMDA5Mzg3OA@@._V1_.jpg"], ["description", "The aging patriarch of an organized crime dynasty transfers control of his clandestine empire to his reluctant son."], ["genre", "drama"], ["created_at", "2016-06-17 18:36:26.870593"], ["updated_at", "2016-06-17 18:36:26.870593"]]
  [1m[36m (0.3ms)[0m  [1mCOMMIT[0m
  [1m[35m (0.1ms)[0m  BEGIN
  [1m[36mSQL (0.1ms)[0m  [1mINSERT INTO "movies" ("title", "image", "description", "genre", "created_at", "updated_at") VALUES ($1, $2, $3, $4, $5, $6) RETURNING "id"[0m  [["title", "The Shining"], ["image", "http://ia.media-imdb.com/images/M/MV5BODMxMjE3NTA4Ml5BMl5BanBnXkFtZTgwNDc0NTIxMDE@._V1_SY1000_CR0,0,682,1000_AL_.jpg"], ["description", "A family heads to an isolated hotel for the winter where an evil and spiritual presence influences the father into violence, while his psychic son sees horrific forebodings from the past and of the future."], ["genre", "thriller"], ["created_at", "2016-06-17 18:36:26.872528"], ["updated_at", "2016-06-17 18:36:26.872528"]]
  [1m[35m (0.4ms)[0m  COMMIT
  [1m[36m (0.1ms)[0m  [1mBEGIN[0m
  [1m[35mSQL (0.2ms)[0m  INSERT INTO "movies" ("title", "image", "description", "genre", "created_at", "updated_at") VALUES ($1, $2, $3, $4, $5, $6) RETURNING "id"  [["title", "The Departed"], ["image", "http://ia.media-imdb.com/images/M/MV5BMTI1MTY2OTIxNV5BMl5BanBnXkFtZTYwNjQ4NjY3._V1_.jpg"], ["description", "An undercover cop and a mole in the police attempt to identify each other while infiltrating an Irish gang in South Boston."], ["genre", "drama"], ["created_at", "2016-06-17 18:36:26.874651"], ["updated_at", "2016-06-17 18:36:26.874651"]]
  [1m[36m (0.4ms)[0m  [1mCOMMIT[0m
  [1m[35m (0.1ms)[0m  BEGIN
  [1m[36mSQL (0.1ms)[0m  [1mINSERT INTO "movies" ("title", "image", "description", "genre", "created_at", "updated_at") VALUES ($1, $2, $3, $4, $5, $6) RETURNING "id"[0m  [["title", "Slumdog Millionaire"], ["image", "http://ia.media-imdb.com/images/M/MV5BMTU2NTA5NzI0N15BMl5BanBnXkFtZTcwMjUxMjYxMg@@._V1_.jpg"], ["description", "A Mumbai teen reflects on his upbringing in the slums when he is accused of cheating on the Indian Version of 'Who Wants to be a Millionaire?'"], ["genre", "drama"], ["created_at", "2016-06-17 18:36:26.876611"], ["updated_at", "2016-06-17 18:36:26.876611"]]
  [1m[35m (0.4ms)[0m  COMMIT
  [1m[36m (0.1ms)[0m  [1mBEGIN[0m
  [1m[35mSQL (0.3ms)[0m  INSERT INTO "movies" ("title", "image", "description", "genre", "created_at", "updated_at") VALUES ($1, $2, $3, $4, $5, $6) RETURNING "id"  [["title", "Vicky Cristina Barcelona"], ["image", "http://ia.media-imdb.com/images/M/MV5BMTU2NDQ4MTg2MV5BMl5BanBnXkFtZTcwNDUzNjU3MQ@@._V1_.jpg"], ["description", "Two girlfriends on a summer holiday in Spain become enamored with the same painter, unaware that his ex-wife, with whom he has a tempestuous relationship, is about to re-enter the picture."], ["genre", "romance"], ["created_at", "2016-06-17 18:36:26.878493"], ["updated_at", "2016-06-17 18:36:26.878493"]]
  [1m[36m (0.4ms)[0m  [1mCOMMIT[0m
  [1m[35m (0.2ms)[0m  BEGIN
  [1m[36mSQL (0.5ms)[0m  [1mINSERT INTO "reviews" ("title", "body", "score", "reviewer_id", "movie_id", "created_at", "updated_at") VALUES ($1, $2, $3, $4, $5, $6, $7) RETURNING "id"[0m  [["title", "Funny movies have to be funny. That's the only rule."], ["body", "Funny movies have to be funny. That's the only rule about funny movies. They don't have to live up to any expectations, they can be about the same thing that movies always are. It really doesn't matter. As long as they are funny.\n\nI Love You, Man is a funny movie. In case the plot is of any interest to you, it's about this guy (Paul Rudd) who is getting married to this woman (Rashida Jones), but he realizes that he doesn't really have any male friends to fill out his side of the wedding party. So he starts on a quest with the aid of his brother (Andy Samberg) to find a best man. When he finally thinks he finds one (Jason Segel), hilarity ensues.\n\nOn the spectrum of comedies, this is a bro movie. One made basically for guys, a little raunchy. But honestly, it's not too R-rated. It cusses a bit, discusses sex a lot, things like that. But not nearly as R-rated as say... Role Models, which I feel is sort of along the same lines. Comparable at least. They are both very funny movies, and both have Paul Rudd.\n\nBut this is about I Love You, Man. The highlight of the movie, for me, is Thomas Lennon as Doug. I have been a fan of his for a long time, at least since Reno 911 came out. Which is a brilliant show. Paul Rudd is very, very cute, but not always convincing, the same with Rashida Jones as his fiancée. It's a movie that Ben Stiller would have made if he were younger. Jason Segel does what Jason Segel does. He plays his role very capably as Sydney, the crazed friend.\n\nAnd that is I Love You, Man. It's a rather simple, but funny movie."], ["score", 7], ["reviewer_id", 1], ["movie_id", 1], ["created_at", "2016-06-17 18:36:26.909633"], ["updated_at", "2016-06-17 18:36:26.909633"]]
  [1m[35m (14.5ms)[0m  COMMIT
  [1m[36m (0.1ms)[0m  [1mBEGIN[0m
  [1m[35mSQL (0.2ms)[0m  INSERT INTO "reviews" ("title", "body", "score", "reviewer_id", "movie_id", "created_at", "updated_at") VALUES ($1, $2, $3, $4, $5, $6, $7) RETURNING "id"  [["title", "Funny movies have to be funny. That's the only rule."], ["body", "Funny movies have to be funny. That's the only rule about funny movies. They don't have to live up to any expectations, they can be about the same thing that movies always are. It really doesn't matter. As long as they are funny.\n\nI Love You, Man is a funny movie. In case the plot is of any interest to you, it's about this guy (Paul Rudd) who is getting married to this woman (Rashida Jones), but he realizes that he doesn't really have any male friends to fill out his side of the wedding party. So he starts on a quest with the aid of his brother (Andy Samberg) to find a best man. When he finally thinks he finds one (Jason Segel), hilarity ensues.\n\nOn the spectrum of comedies, this is a bro movie. One made basically for guys, a little raunchy. But honestly, it's not too R-rated. It cusses a bit, discusses sex a lot, things like that. But not nearly as R-rated as say... Role Models, which I feel is sort of along the same lines. Comparable at least. They are both very funny movies, and both have Paul Rudd.\n\nBut this is about I Love You, Man. The highlight of the movie, for me, is Thomas Lennon as Doug. I have been a fan of his for a long time, at least since Reno 911 came out. Which is a brilliant show. Paul Rudd is very, very cute, but not always convincing, the same with Rashida Jones as his fiancée. It's a movie that Ben Stiller would have made if he were younger. Jason Segel does what Jason Segel does. He plays his role very capably as Sydney, the crazed friend.\n\nAnd that is I Love You, Man. It's a rather simple, but funny movie."], ["score", 7], ["reviewer_id", 2], ["movie_id", 1], ["created_at", "2016-06-17 18:36:26.927279"], ["updated_at", "2016-06-17 18:36:26.927279"]]
  [1m[36m (0.4ms)[0m  [1mCOMMIT[0m
  [1m[35m (0.2ms)[0m  BEGIN
  [1m[36mUser Exists (0.8ms)[0m  [1mSELECT  1 AS one FROM "users" WHERE "users"."email" = 'Kanye@kanye.gov' LIMIT 1[0m
  [1m[35mSQL (0.4ms)[0m  INSERT INTO "users" ("name", "email", "password_digest", "created_at", "updated_at") VALUES ($1, $2, $3, $4, $5) RETURNING "id"  [["name", "Kanye"], ["email", "Kanye@kanye.gov"], ["password_digest", "password"], ["created_at", "2016-06-17 18:36:27.022615"], ["updated_at", "2016-06-17 18:36:27.022615"]]
  [1m[36m (14.8ms)[0m  [1mCOMMIT[0m
  [1m[35m (0.1ms)[0m  BEGIN
  [1m[36mUser Exists (0.3ms)[0m  [1mSELECT  1 AS one FROM "users" WHERE "users"."email" = 'Garybusey@gmail.com' LIMIT 1[0m
  [1m[35mSQL (0.3ms)[0m  INSERT INTO "users" ("name", "email", "password_digest", "created_at", "updated_at") VALUES ($1, $2, $3, $4, $5) RETURNING "id"  [["name", "Gary"], ["email", "Garybusey@gmail.com"], ["password_digest", "password"], ["created_at", "2016-06-17 18:36:27.041487"], ["updated_at", "2016-06-17 18:36:27.041487"]]
  [1m[36m (0.4ms)[0m  [1mCOMMIT[0m


Started GET "/" for ::1 at 2016-06-17 13:36:37 -0500
  [1m[36mActiveRecord::SchemaMigration Load (0.5ms)[0m  [1mSELECT "schema_migrations".* FROM "schema_migrations"[0m
Processing by MoviesController#index as HTML
  [1m[35mMovie Load (0.6ms)[0m  SELECT "movies".* FROM "movies"
  Rendered movies/_movie_display.html.erb (93.7ms)
  Rendered movies/index.html.erb within layouts/application (101.7ms)
  [1m[36mUser Load (0.6ms)[0m  [1mSELECT  "users".* FROM "users" WHERE "users"."id" = $1 LIMIT 1[0m  [["id", 3]]
  Rendered layouts/_nav.html.erb (37.1ms)
Completed 500 Internal Server Error in 674ms (ActiveRecord: 5.8ms)

ActiveRecord::RecordNotFound (Couldn't find User with 'id'=3):
  app/controllers/application_controller.rb:8:in `current_user'
  app/views/layouts/_nav.html.erb:5:in `_app_views_layouts__nav_html_erb___3118372859259811625_70313516683180'
  app/views/layouts/application.html.erb:11:in `_app_views_layouts_application_html_erb___1616818499452623502_70313496587080'


  Rendered /Users/apprentice/.rbenv/versions/2.0.0-p647/lib/ruby/gems/2.0.0/gems/actionpack-4.2.6/lib/action_dispatch/middleware/templates/rescues/_source.erb (8.6ms)
  Rendered /Users/apprentice/.rbenv/versions/2.0.0-p647/lib/ruby/gems/2.0.0/gems/actionpack-4.2.6/lib/action_dispatch/middleware/templates/rescues/_trace.html.erb (3.2ms)
  Rendered /Users/apprentice/.rbenv/versions/2.0.0-p647/lib/ruby/gems/2.0.0/gems/actionpack-4.2.6/lib/action_dispatch/middleware/templates/rescues/_request_and_response.html.erb (1.0ms)
  Rendered /Users/apprentice/.rbenv/versions/2.0.0-p647/lib/ruby/gems/2.0.0/gems/actionpack-4.2.6/lib/action_dispatch/middleware/templates/rescues/diagnostics.html.erb within rescues/layout (32.5ms)
  Rendered /Users/apprentice/.rbenv/versions/2.0.0-p647/lib/ruby/gems/2.0.0/gems/web-console-2.3.0/lib/web_console/templates/_markup.html.erb (0.5ms)
  Rendered /Users/apprentice/.rbenv/versions/2.0.0-p647/lib/ruby/gems/2.0.0/gems/web-console-2.3.0/lib/web_console/templates/_inner_console_markup.html.erb within layouts/inlined_string (0.4ms)
  Rendered /Users/apprentice/.rbenv/versions/2.0.0-p647/lib/ruby/gems/2.0.0/gems/web-console-2.3.0/lib/web_console/templates/_prompt_box_markup.html.erb within layouts/inlined_string (0.4ms)
  Rendered /Users/apprentice/.rbenv/versions/2.0.0-p647/lib/ruby/gems/2.0.0/gems/web-console-2.3.0/lib/web_console/templates/style.css.erb within layouts/inlined_string (0.4ms)
  Rendered /Users/apprentice/.rbenv/versions/2.0.0-p647/lib/ruby/gems/2.0.0/gems/web-console-2.3.0/lib/web_console/templates/console.js.erb within layouts/javascript (116.4ms)
  Rendered /Users/apprentice/.rbenv/versions/2.0.0-p647/lib/ruby/gems/2.0.0/gems/web-console-2.3.0/lib/web_console/templates/main.js.erb within layouts/javascript (0.5ms)
  Rendered /Users/apprentice/.rbenv/versions/2.0.0-p647/lib/ruby/gems/2.0.0/gems/web-console-2.3.0/lib/web_console/templates/error_page.js.erb within layouts/javascript (0.5ms)
  Rendered /Users/apprentice/.rbenv/versions/2.0.0-p647/lib/ruby/gems/2.0.0/gems/web-console-2.3.0/lib/web_console/templates/index.html.erb (146.1ms)


Started GET "/" for ::1 at 2016-06-17 13:36:47 -0500
Processing by MoviesController#index as HTML
  [1m[35mMovie Load (0.4ms)[0m  SELECT "movies".* FROM "movies"
  Rendered movies/_movie_display.html.erb (4.6ms)
  Rendered movies/index.html.erb within layouts/application (5.2ms)
  Rendered layouts/_nav.html.erb (0.4ms)
Completed 200 OK in 25ms (Views: 24.4ms | ActiveRecord: 0.4ms)


Started GET "/assets/reviews.self-be6851ed438502b1779d03700e65e4922461d14cc9994d6e1a67c5f8c673d065.css?body=1" for ::1 at 2016-06-17 13:36:47 -0500


Started GET "/assets/movies.self-b3274aeebb8b1024d22c64fd24c44499d6c4885bfb23d9de2e5bf0b26cc1ceac.css?body=1" for ::1 at 2016-06-17 13:36:47 -0500


Started GET "/assets/comments.self-d1a06f435f5e503021a0780b9d9d5fe52a13b45a929554315fafc8dbc0f70c1e.css?body=1" for ::1 at 2016-06-17 13:36:47 -0500


Started GET "/assets/sessions.self-fce30c85362eeb0c77c4a9b5fee1f27b4a5b6e161ef33fd458e3999af0690a03.css?body=1" for ::1 at 2016-06-17 13:36:47 -0500


Started GET "/assets/users.self-e3b0c44298fc1c149afbf4c8996fb92427ae41e4649b934ca495991b7852b855.css?body=1" for ::1 at 2016-06-17 13:36:47 -0500


Started GET "/assets/welcome.self-e3b0c44298fc1c149afbf4c8996fb92427ae41e4649b934ca495991b7852b855.css?body=1" for ::1 at 2016-06-17 13:36:47 -0500


Started GET "/assets/application.self-03fd98f6d8a0fd79daf7fff6008dead7a52db717588654b51ff9e277d9b7f3b7.css?body=1" for ::1 at 2016-06-17 13:36:47 -0500


Started GET "/assets/jquery.self-660adc51e0224b731d29f575a6f1ec167ba08ad06ed5deca4f1e8654c135bf4c.js?body=1" for ::1 at 2016-06-17 13:36:47 -0500


Started GET "/assets/jquery_ujs.self-e87806d0cf4489aeb1bb7288016024e8de67fd18db693fe026fe3907581e53cd.js?body=1" for ::1 at 2016-06-17 13:36:47 -0500


Started GET "/assets/application.self-8b8e1b8690d3929df71fd72da35acda527ad4e9dc2e957cb2c9ccb94bf039f1f.js?body=1" for ::1 at 2016-06-17 13:36:47 -0500


Started GET "/movies/1" for ::1 at 2016-06-17 13:36:52 -0500
Processing by MoviesController#show as HTML
  Parameters: {"id"=>"1"}
  [1m[36mMovie Load (0.3ms)[0m  [1mSELECT  "movies".* FROM "movies" WHERE "movies"."id" = $1 LIMIT 1[0m  [["id", 1]]
  Rendered movies/_movieinfo.html.erb (0.8ms)
  [1m[35mReview Load (0.4ms)[0m  SELECT "reviews".* FROM "reviews" WHERE "reviews"."movie_id" = $1  [["movie_id", 1]]
  [1m[36m (0.6ms)[0m  [1mSELECT COUNT(*) FROM "votes" WHERE "votes"."votable_id" = $1 AND "votes"."votable_type" = $2 AND "votes"."vote_flag" = $3 AND "votes"."vote_scope" IS NULL[0m  [["votable_id", 2], ["votable_type", "Review"], ["vote_flag", "t"]]
  [1m[35m (0.3ms)[0m  SELECT COUNT(*) FROM "votes" WHERE "votes"."votable_id" = $1 AND "votes"."votable_type" = $2 AND "votes"."vote_flag" = $3 AND "votes"."vote_scope" IS NULL  [["votable_id", 2], ["votable_type", "Review"], ["vote_flag", "f"]]
  [1m[36m (0.3ms)[0m  [1mSELECT COUNT(*) FROM "votes" WHERE "votes"."votable_id" = $1 AND "votes"."votable_type" = $2 AND "votes"."vote_flag" = $3 AND "votes"."vote_scope" IS NULL[0m  [["votable_id", 1], ["votable_type", "Review"], ["vote_flag", "t"]]
  [1m[35m (0.3ms)[0m  SELECT COUNT(*) FROM "votes" WHERE "votes"."votable_id" = $1 AND "votes"."votable_type" = $2 AND "votes"."vote_flag" = $3 AND "votes"."vote_scope" IS NULL  [["votable_id", 1], ["votable_type", "Review"], ["vote_flag", "f"]]
  [1m[36mCACHE (0.0ms)[0m  [1mSELECT COUNT(*) FROM "votes" WHERE "votes"."votable_id" = $1 AND "votes"."votable_type" = $2 AND "votes"."vote_flag" = $3 AND "votes"."vote_scope" IS NULL[0m  [["votable_id", 1], ["votable_type", "Review"], ["vote_flag", true]]
  [1m[35mCACHE (0.0ms)[0m  SELECT COUNT(*) FROM "votes" WHERE "votes"."votable_id" = $1 AND "votes"."votable_type" = $2 AND "votes"."vote_flag" = $3 AND "votes"."vote_scope" IS NULL  [["votable_id", 1], ["votable_type", "Review"], ["vote_flag", true]]
  [1m[36mCACHE (0.0ms)[0m  [1mSELECT COUNT(*) FROM "votes" WHERE "votes"."votable_id" = $1 AND "votes"."votable_type" = $2 AND "votes"."vote_flag" = $3 AND "votes"."vote_scope" IS NULL[0m  [["votable_id", 1], ["votable_type", "Review"], ["vote_flag", false]]
  [1m[35mCACHE (0.1ms)[0m  SELECT COUNT(*) FROM "votes" WHERE "votes"."votable_id" = $1 AND "votes"."votable_type" = $2 AND "votes"."vote_flag" = $3 AND "votes"."vote_scope" IS NULL  [["votable_id", 1], ["votable_type", "Review"], ["vote_flag", false]]
  Rendered _vote_up_down_count.html.erb (8.3ms)
  [1m[36mUser Load (0.3ms)[0m  [1mSELECT  "users".* FROM "users" WHERE "users"."id" = $1 LIMIT 1[0m  [["id", 1]]
  [1m[35mReview Load (0.3ms)[0m  SELECT "reviews".* FROM "reviews" WHERE "reviews"."reviewer_id" = $1  [["reviewer_id", 1]]
  [1m[36mCACHE (0.0ms)[0m  [1mSELECT COUNT(*) FROM "votes" WHERE "votes"."votable_id" = $1 AND "votes"."votable_type" = $2 AND "votes"."vote_flag" = $3 AND "votes"."vote_scope" IS NULL[0m  [["votable_id", 1], ["votable_type", "Review"], ["vote_flag", true]]
  [1m[35mCACHE (0.0ms)[0m  SELECT COUNT(*) FROM "votes" WHERE "votes"."votable_id" = $1 AND "votes"."votable_type" = $2 AND "votes"."vote_flag" = $3 AND "votes"."vote_scope" IS NULL  [["votable_id", 1], ["votable_type", "Review"], ["vote_flag", false]]
  [1m[36mCACHE (0.0ms)[0m  [1mSELECT COUNT(*) FROM "votes" WHERE "votes"."votable_id" = $1 AND "votes"."votable_type" = $2 AND "votes"."vote_flag" = $3 AND "votes"."vote_scope" IS NULL[0m  [["votable_id", 1], ["votable_type", "Review"], ["vote_flag", true]]
  [1m[35mCACHE (0.0ms)[0m  SELECT COUNT(*) FROM "votes" WHERE "votes"."votable_id" = $1 AND "votes"."votable_type" = $2 AND "votes"."vote_flag" = $3 AND "votes"."vote_scope" IS NULL  [["votable_id", 1], ["votable_type", "Review"], ["vote_flag", false]]
  [1m[36mCACHE (0.0ms)[0m  [1mSELECT COUNT(*) FROM "votes" WHERE "votes"."votable_id" = $1 AND "votes"."votable_type" = $2 AND "votes"."vote_flag" = $3 AND "votes"."vote_scope" IS NULL[0m  [["votable_id", 1], ["votable_type", "Review"], ["vote_flag", true]]
  [1m[35mCACHE (0.0ms)[0m  SELECT COUNT(*) FROM "votes" WHERE "votes"."votable_id" = $1 AND "votes"."votable_type" = $2 AND "votes"."vote_flag" = $3 AND "votes"."vote_scope" IS NULL  [["votable_id", 1], ["votable_type", "Review"], ["vote_flag", false]]
  [1m[36mCACHE (0.0ms)[0m  [1mSELECT COUNT(*) FROM "votes" WHERE "votes"."votable_id" = $1 AND "votes"."votable_type" = $2 AND "votes"."vote_flag" = $3 AND "votes"."vote_scope" IS NULL[0m  [["votable_id", 1], ["votable_type", "Review"], ["vote_flag", true]]
  [1m[35mCACHE (0.1ms)[0m  SELECT COUNT(*) FROM "votes" WHERE "votes"."votable_id" = $1 AND "votes"."votable_type" = $2 AND "votes"."vote_flag" = $3 AND "votes"."vote_scope" IS NULL  [["votable_id", 1], ["votable_type", "Review"], ["vote_flag", false]]
  [1m[36mCACHE (0.0ms)[0m  [1mSELECT COUNT(*) FROM "votes" WHERE "votes"."votable_id" = $1 AND "votes"."votable_type" = $2 AND "votes"."vote_flag" = $3 AND "votes"."vote_scope" IS NULL[0m  [["votable_id", 1], ["votable_type", "Review"], ["vote_flag", true]]
  [1m[35mCACHE (0.0ms)[0m  SELECT COUNT(*) FROM "votes" WHERE "votes"."votable_id" = $1 AND "votes"."votable_type" = $2 AND "votes"."vote_flag" = $3 AND "votes"."vote_scope" IS NULL  [["votable_id", 1], ["votable_type", "Review"], ["vote_flag", false]]
  [1m[36mCACHE (0.0ms)[0m  [1mSELECT COUNT(*) FROM "votes" WHERE "votes"."votable_id" = $1 AND "votes"."votable_type" = $2 AND "votes"."vote_flag" = $3 AND "votes"."vote_scope" IS NULL[0m  [["votable_id", 1], ["votable_type", "Review"], ["vote_flag", true]]
  [1m[35mCACHE (0.0ms)[0m  SELECT COUNT(*) FROM "votes" WHERE "votes"."votable_id" = $1 AND "votes"."votable_type" = $2 AND "votes"."vote_flag" = $3 AND "votes"."vote_scope" IS NULL  [["votable_id", 1], ["votable_type", "Review"], ["vote_flag", false]]
  [1m[36mCACHE (0.0ms)[0m  [1mSELECT COUNT(*) FROM "votes" WHERE "votes"."votable_id" = $1 AND "votes"."votable_type" = $2 AND "votes"."vote_flag" = $3 AND "votes"."vote_scope" IS NULL[0m  [["votable_id", 1], ["votable_type", "Review"], ["vote_flag", true]]
  [1m[35mCACHE (0.0ms)[0m  SELECT COUNT(*) FROM "votes" WHERE "votes"."votable_id" = $1 AND "votes"."votable_type" = $2 AND "votes"."vote_flag" = $3 AND "votes"."vote_scope" IS NULL  [["votable_id", 1], ["votable_type", "Review"], ["vote_flag", false]]
  [1m[36mCACHE (0.0ms)[0m  [1mSELECT COUNT(*) FROM "votes" WHERE "votes"."votable_id" = $1 AND "votes"."votable_type" = $2 AND "votes"."vote_flag" = $3 AND "votes"."vote_scope" IS NULL[0m  [["votable_id", 1], ["votable_type", "Review"], ["vote_flag", true]]
  [1m[35mCACHE (0.0ms)[0m  SELECT COUNT(*) FROM "votes" WHERE "votes"."votable_id" = $1 AND "votes"."votable_type" = $2 AND "votes"."vote_flag" = $3 AND "votes"."vote_scope" IS NULL  [["votable_id", 1], ["votable_type", "Review"], ["vote_flag", false]]
  [1m[36mCACHE (0.0ms)[0m  [1mSELECT COUNT(*) FROM "votes" WHERE "votes"."votable_id" = $1 AND "votes"."votable_type" = $2 AND "votes"."vote_flag" = $3 AND "votes"."vote_scope" IS NULL[0m  [["votable_id", 1], ["votable_type", "Review"], ["vote_flag", true]]
  [1m[35mCACHE (0.0ms)[0m  SELECT COUNT(*) FROM "votes" WHERE "votes"."votable_id" = $1 AND "votes"."votable_type" = $2 AND "votes"."vote_flag" = $3 AND "votes"."vote_scope" IS NULL  [["votable_id", 1], ["votable_type", "Review"], ["vote_flag", false]]
  [1m[36mCACHE (0.0ms)[0m  [1mSELECT COUNT(*) FROM "votes" WHERE "votes"."votable_id" = $1 AND "votes"."votable_type" = $2 AND "votes"."vote_flag" = $3 AND "votes"."vote_scope" IS NULL[0m  [["votable_id", 1], ["votable_type", "Review"], ["vote_flag", true]]
  [1m[35mCACHE (0.0ms)[0m  SELECT COUNT(*) FROM "votes" WHERE "votes"."votable_id" = $1 AND "votes"."votable_type" = $2 AND "votes"."vote_flag" = $3 AND "votes"."vote_scope" IS NULL  [["votable_id", 1], ["votable_type", "Review"], ["vote_flag", false]]
  [1m[36mCACHE (0.0ms)[0m  [1mSELECT COUNT(*) FROM "votes" WHERE "votes"."votable_id" = $1 AND "votes"."votable_type" = $2 AND "votes"."vote_flag" = $3 AND "votes"."vote_scope" IS NULL[0m  [["votable_id", 1], ["votable_type", "Review"], ["vote_flag", true]]
  [1m[35mCACHE (0.0ms)[0m  SELECT COUNT(*) FROM "votes" WHERE "votes"."votable_id" = $1 AND "votes"."votable_type" = $2 AND "votes"."vote_flag" = $3 AND "votes"."vote_scope" IS NULL  [["votable_id", 1], ["votable_type", "Review"], ["vote_flag", false]]
  [1m[36mCACHE (0.0ms)[0m  [1mSELECT COUNT(*) FROM "votes" WHERE "votes"."votable_id" = $1 AND "votes"."votable_type" = $2 AND "votes"."vote_flag" = $3 AND "votes"."vote_scope" IS NULL[0m  [["votable_id", 1], ["votable_type", "Review"], ["vote_flag", true]]
  [1m[35mCACHE (0.0ms)[0m  SELECT COUNT(*) FROM "votes" WHERE "votes"."votable_id" = $1 AND "votes"."votable_type" = $2 AND "votes"."vote_flag" = $3 AND "votes"."vote_scope" IS NULL  [["votable_id", 1], ["votable_type", "Review"], ["vote_flag", false]]
  [1m[36mCACHE (0.0ms)[0m  [1mSELECT COUNT(*) FROM "votes" WHERE "votes"."votable_id" = $1 AND "votes"."votable_type" = $2 AND "votes"."vote_flag" = $3 AND "votes"."vote_scope" IS NULL[0m  [["votable_id", 1], ["votable_type", "Review"], ["vote_flag", true]]
  [1m[35mCACHE (0.0ms)[0m  SELECT COUNT(*) FROM "votes" WHERE "votes"."votable_id" = $1 AND "votes"."votable_type" = $2 AND "votes"."vote_flag" = $3 AND "votes"."vote_scope" IS NULL  [["votable_id", 1], ["votable_type", "Review"], ["vote_flag", false]]
  [1m[36mCACHE (0.1ms)[0m  [1mSELECT COUNT(*) FROM "votes" WHERE "votes"."votable_id" = $1 AND "votes"."votable_type" = $2 AND "votes"."vote_flag" = $3 AND "votes"."vote_scope" IS NULL[0m  [["votable_id", 1], ["votable_type", "Review"], ["vote_flag", true]]
  [1m[35mCACHE (0.1ms)[0m  SELECT COUNT(*) FROM "votes" WHERE "votes"."votable_id" = $1 AND "votes"."votable_type" = $2 AND "votes"."vote_flag" = $3 AND "votes"."vote_scope" IS NULL  [["votable_id", 1], ["votable_type", "Review"], ["vote_flag", false]]
  [1m[36mCACHE (0.0ms)[0m  [1mSELECT COUNT(*) FROM "votes" WHERE "votes"."votable_id" = $1 AND "votes"."votable_type" = $2 AND "votes"."vote_flag" = $3 AND "votes"."vote_scope" IS NULL[0m  [["votable_id", 1], ["votable_type", "Review"], ["vote_flag", true]]
  [1m[35mCACHE (0.0ms)[0m  SELECT COUNT(*) FROM "votes" WHERE "votes"."votable_id" = $1 AND "votes"."votable_type" = $2 AND "votes"."vote_flag" = $3 AND "votes"."vote_scope" IS NULL  [["votable_id", 1], ["votable_type", "Review"], ["vote_flag", false]]
  [1m[36mCACHE (0.0ms)[0m  [1mSELECT COUNT(*) FROM "votes" WHERE "votes"."votable_id" = $1 AND "votes"."votable_type" = $2 AND "votes"."vote_flag" = $3 AND "votes"."vote_scope" IS NULL[0m  [["votable_id", 1], ["votable_type", "Review"], ["vote_flag", true]]
  [1m[35mCACHE (0.0ms)[0m  SELECT COUNT(*) FROM "votes" WHERE "votes"."votable_id" = $1 AND "votes"."votable_type" = $2 AND "votes"."vote_flag" = $3 AND "votes"."vote_scope" IS NULL  [["votable_id", 1], ["votable_type", "Review"], ["vote_flag", false]]
  [1m[36mCACHE (0.0ms)[0m  [1mSELECT COUNT(*) FROM "votes" WHERE "votes"."votable_id" = $1 AND "votes"."votable_type" = $2 AND "votes"."vote_flag" = $3 AND "votes"."vote_scope" IS NULL[0m  [["votable_id", 1], ["votable_type", "Review"], ["vote_flag", true]]
  [1m[35mCACHE (0.0ms)[0m  SELECT COUNT(*) FROM "votes" WHERE "votes"."votable_id" = $1 AND "votes"."votable_type" = $2 AND "votes"."vote_flag" = $3 AND "votes"."vote_scope" IS NULL  [["votable_id", 1], ["votable_type", "Review"], ["vote_flag", false]]
  [1m[36mCACHE (0.0ms)[0m  [1mSELECT COUNT(*) FROM "votes" WHERE "votes"."votable_id" = $1 AND "votes"."votable_type" = $2 AND "votes"."vote_flag" = $3 AND "votes"."vote_scope" IS NULL[0m  [["votable_id", 1], ["votable_type", "Review"], ["vote_flag", true]]
  [1m[35mCACHE (0.0ms)[0m  SELECT COUNT(*) FROM "votes" WHERE "votes"."votable_id" = $1 AND "votes"."votable_type" = $2 AND "votes"."vote_flag" = $3 AND "votes"."vote_scope" IS NULL  [["votable_id", 1], ["votable_type", "Review"], ["vote_flag", false]]
  Rendered users/_user_trust_icon.html.erb (73.7ms)
  [1m[36mCACHE (0.0ms)[0m  [1mSELECT COUNT(*) FROM "votes" WHERE "votes"."votable_id" = $1 AND "votes"."votable_type" = $2 AND "votes"."vote_flag" = $3 AND "votes"."vote_scope" IS NULL[0m  [["votable_id", 2], ["votable_type", "Review"], ["vote_flag", true]]
  [1m[35mCACHE (0.0ms)[0m  SELECT COUNT(*) FROM "votes" WHERE "votes"."votable_id" = $1 AND "votes"."votable_type" = $2 AND "votes"."vote_flag" = $3 AND "votes"."vote_scope" IS NULL  [["votable_id", 2], ["votable_type", "Review"], ["vote_flag", true]]
  [1m[36mCACHE (0.0ms)[0m  [1mSELECT COUNT(*) FROM "votes" WHERE "votes"."votable_id" = $1 AND "votes"."votable_type" = $2 AND "votes"."vote_flag" = $3 AND "votes"."vote_scope" IS NULL[0m  [["votable_id", 2], ["votable_type", "Review"], ["vote_flag", false]]
  [1m[35mCACHE (0.0ms)[0m  SELECT COUNT(*) FROM "votes" WHERE "votes"."votable_id" = $1 AND "votes"."votable_type" = $2 AND "votes"."vote_flag" = $3 AND "votes"."vote_scope" IS NULL  [["votable_id", 2], ["votable_type", "Review"], ["vote_flag", false]]
  Rendered _vote_up_down_count.html.erb (6.3ms)
  [1m[36mUser Load (0.4ms)[0m  [1mSELECT  "users".* FROM "users" WHERE "users"."id" = $1 LIMIT 1[0m  [["id", 2]]
  [1m[35mReview Load (0.3ms)[0m  SELECT "reviews".* FROM "reviews" WHERE "reviews"."reviewer_id" = $1  [["reviewer_id", 2]]
  [1m[36mCACHE (0.1ms)[0m  [1mSELECT COUNT(*) FROM "votes" WHERE "votes"."votable_id" = $1 AND "votes"."votable_type" = $2 AND "votes"."vote_flag" = $3 AND "votes"."vote_scope" IS NULL[0m  [["votable_id", 2], ["votable_type", "Review"], ["vote_flag", true]]
  [1m[35mCACHE (0.0ms)[0m  SELECT COUNT(*) FROM "votes" WHERE "votes"."votable_id" = $1 AND "votes"."votable_type" = $2 AND "votes"."vote_flag" = $3 AND "votes"."vote_scope" IS NULL  [["votable_id", 2], ["votable_type", "Review"], ["vote_flag", false]]
  [1m[36mCACHE (0.0ms)[0m  [1mSELECT COUNT(*) FROM "votes" WHERE "votes"."votable_id" = $1 AND "votes"."votable_type" = $2 AND "votes"."vote_flag" = $3 AND "votes"."vote_scope" IS NULL[0m  [["votable_id", 2], ["votable_type", "Review"], ["vote_flag", true]]
  [1m[35mCACHE (0.0ms)[0m  SELECT COUNT(*) FROM "votes" WHERE "votes"."votable_id" = $1 AND "votes"."votable_type" = $2 AND "votes"."vote_flag" = $3 AND "votes"."vote_scope" IS NULL  [["votable_id", 2], ["votable_type", "Review"], ["vote_flag", false]]
  [1m[36mCACHE (0.0ms)[0m  [1mSELECT COUNT(*) FROM "votes" WHERE "votes"."votable_id" = $1 AND "votes"."votable_type" = $2 AND "votes"."vote_flag" = $3 AND "votes"."vote_scope" IS NULL[0m  [["votable_id", 2], ["votable_type", "Review"], ["vote_flag", true]]
  [1m[35mCACHE (0.1ms)[0m  SELECT COUNT(*) FROM "votes" WHERE "votes"."votable_id" = $1 AND "votes"."votable_type" = $2 AND "votes"."vote_flag" = $3 AND "votes"."vote_scope" IS NULL  [["votable_id", 2], ["votable_type", "Review"], ["vote_flag", false]]
  [1m[36mCACHE (0.0ms)[0m  [1mSELECT COUNT(*) FROM "votes" WHERE "votes"."votable_id" = $1 AND "votes"."votable_type" = $2 AND "votes"."vote_flag" = $3 AND "votes"."vote_scope" IS NULL[0m  [["votable_id", 2], ["votable_type", "Review"], ["vote_flag", true]]
  [1m[35mCACHE (0.0ms)[0m  SELECT COUNT(*) FROM "votes" WHERE "votes"."votable_id" = $1 AND "votes"."votable_type" = $2 AND "votes"."vote_flag" = $3 AND "votes"."vote_scope" IS NULL  [["votable_id", 2], ["votable_type", "Review"], ["vote_flag", false]]
  [1m[36mCACHE (0.0ms)[0m  [1mSELECT COUNT(*) FROM "votes" WHERE "votes"."votable_id" = $1 AND "votes"."votable_type" = $2 AND "votes"."vote_flag" = $3 AND "votes"."vote_scope" IS NULL[0m  [["votable_id", 2], ["votable_type", "Review"], ["vote_flag", true]]
  [1m[35mCACHE (0.0ms)[0m  SELECT COUNT(*) FROM "votes" WHERE "votes"."votable_id" = $1 AND "votes"."votable_type" = $2 AND "votes"."vote_flag" = $3 AND "votes"."vote_scope" IS NULL  [["votable_id", 2], ["votable_type", "Review"], ["vote_flag", false]]
  [1m[36mCACHE (0.0ms)[0m  [1mSELECT COUNT(*) FROM "votes" WHERE "votes"."votable_id" = $1 AND "votes"."votable_type" = $2 AND "votes"."vote_flag" = $3 AND "votes"."vote_scope" IS NULL[0m  [["votable_id", 2], ["votable_type", "Review"], ["vote_flag", true]]
  [1m[35mCACHE (0.0ms)[0m  SELECT COUNT(*) FROM "votes" WHERE "votes"."votable_id" = $1 AND "votes"."votable_type" = $2 AND "votes"."vote_flag" = $3 AND "votes"."vote_scope" IS NULL  [["votable_id", 2], ["votable_type", "Review"], ["vote_flag", false]]
  [1m[36mCACHE (0.1ms)[0m  [1mSELECT COUNT(*) FROM "votes" WHERE "votes"."votable_id" = $1 AND "votes"."votable_type" = $2 AND "votes"."vote_flag" = $3 AND "votes"."vote_scope" IS NULL[0m  [["votable_id", 2], ["votable_type", "Review"], ["vote_flag", true]]
  [1m[35mCACHE (0.0ms)[0m  SELECT COUNT(*) FROM "votes" WHERE "votes"."votable_id" = $1 AND "votes"."votable_type" = $2 AND "votes"."vote_flag" = $3 AND "votes"."vote_scope" IS NULL  [["votable_id", 2], ["votable_type", "Review"], ["vote_flag", false]]
  [1m[36mCACHE (0.0ms)[0m  [1mSELECT COUNT(*) FROM "votes" WHERE "votes"."votable_id" = $1 AND "votes"."votable_type" = $2 AND "votes"."vote_flag" = $3 AND "votes"."vote_scope" IS NULL[0m  [["votable_id", 2], ["votable_type", "Review"], ["vote_flag", true]]
  [1m[35mCACHE (0.0ms)[0m  SELECT COUNT(*) FROM "votes" WHERE "votes"."votable_id" = $1 AND "votes"."votable_type" = $2 AND "votes"."vote_flag" = $3 AND "votes"."vote_scope" IS NULL  [["votable_id", 2], ["votable_type", "Review"], ["vote_flag", false]]
  [1m[36mCACHE (0.1ms)[0m  [1mSELECT COUNT(*) FROM "votes" WHERE "votes"."votable_id" = $1 AND "votes"."votable_type" = $2 AND "votes"."vote_flag" = $3 AND "votes"."vote_scope" IS NULL[0m  [["votable_id", 2], ["votable_type", "Review"], ["vote_flag", true]]
  [1m[35mCACHE (0.0ms)[0m  SELECT COUNT(*) FROM "votes" WHERE "votes"."votable_id" = $1 AND "votes"."votable_type" = $2 AND "votes"."vote_flag" = $3 AND "votes"."vote_scope" IS NULL  [["votable_id", 2], ["votable_type", "Review"], ["vote_flag", false]]
  [1m[36mCACHE (0.0ms)[0m  [1mSELECT COUNT(*) FROM "votes" WHERE "votes"."votable_id" = $1 AND "votes"."votable_type" = $2 AND "votes"."vote_flag" = $3 AND "votes"."vote_scope" IS NULL[0m  [["votable_id", 2], ["votable_type", "Review"], ["vote_flag", true]]
  [1m[35mCACHE (0.0ms)[0m  SELECT COUNT(*) FROM "votes" WHERE "votes"."votable_id" = $1 AND "votes"."votable_type" = $2 AND "votes"."vote_flag" = $3 AND "votes"."vote_scope" IS NULL  [["votable_id", 2], ["votable_type", "Review"], ["vote_flag", false]]
  [1m[36mCACHE (0.0ms)[0m  [1mSELECT COUNT(*) FROM "votes" WHERE "votes"."votable_id" = $1 AND "votes"."votable_type" = $2 AND "votes"."vote_flag" = $3 AND "votes"."vote_scope" IS NULL[0m  [["votable_id", 2], ["votable_type", "Review"], ["vote_flag", true]]
  [1m[35mCACHE (0.0ms)[0m  SELECT COUNT(*) FROM "votes" WHERE "votes"."votable_id" = $1 AND "votes"."votable_type" = $2 AND "votes"."vote_flag" = $3 AND "votes"."vote_scope" IS NULL  [["votable_id", 2], ["votable_type", "Review"], ["vote_flag", false]]
  [1m[36mCACHE (0.0ms)[0m  [1mSELECT COUNT(*) FROM "votes" WHERE "votes"."votable_id" = $1 AND "votes"."votable_type" = $2 AND "votes"."vote_flag" = $3 AND "votes"."vote_scope" IS NULL[0m  [["votable_id", 2], ["votable_type", "Review"], ["vote_flag", true]]
  [1m[35mCACHE (0.0ms)[0m  SELECT COUNT(*) FROM "votes" WHERE "votes"."votable_id" = $1 AND "votes"."votable_type" = $2 AND "votes"."vote_flag" = $3 AND "votes"."vote_scope" IS NULL  [["votable_id", 2], ["votable_type", "Review"], ["vote_flag", false]]
  [1m[36mCACHE (0.0ms)[0m  [1mSELECT COUNT(*) FROM "votes" WHERE "votes"."votable_id" = $1 AND "votes"."votable_type" = $2 AND "votes"."vote_flag" = $3 AND "votes"."vote_scope" IS NULL[0m  [["votable_id", 2], ["votable_type", "Review"], ["vote_flag", true]]
  [1m[35mCACHE (0.0ms)[0m  SELECT COUNT(*) FROM "votes" WHERE "votes"."votable_id" = $1 AND "votes"."votable_type" = $2 AND "votes"."vote_flag" = $3 AND "votes"."vote_scope" IS NULL  [["votable_id", 2], ["votable_type", "Review"], ["vote_flag", false]]
  [1m[36mCACHE (0.0ms)[0m  [1mSELECT COUNT(*) FROM "votes" WHERE "votes"."votable_id" = $1 AND "votes"."votable_type" = $2 AND "votes"."vote_flag" = $3 AND "votes"."vote_scope" IS NULL[0m  [["votable_id", 2], ["votable_type", "Review"], ["vote_flag", true]]
  [1m[35mCACHE (0.0ms)[0m  SELECT COUNT(*) FROM "votes" WHERE "votes"."votable_id" = $1 AND "votes"."votable_type" = $2 AND "votes"."vote_flag" = $3 AND "votes"."vote_scope" IS NULL  [["votable_id", 2], ["votable_type", "Review"], ["vote_flag", false]]
  [1m[36mCACHE (0.0ms)[0m  [1mSELECT COUNT(*) FROM "votes" WHERE "votes"."votable_id" = $1 AND "votes"."votable_type" = $2 AND "votes"."vote_flag" = $3 AND "votes"."vote_scope" IS NULL[0m  [["votable_id", 2], ["votable_type", "Review"], ["vote_flag", true]]
  [1m[35mCACHE (0.0ms)[0m  SELECT COUNT(*) FROM "votes" WHERE "votes"."votable_id" = $1 AND "votes"."votable_type" = $2 AND "votes"."vote_flag" = $3 AND "votes"."vote_scope" IS NULL  [["votable_id", 2], ["votable_type", "Review"], ["vote_flag", false]]
  [1m[36mCACHE (0.0ms)[0m  [1mSELECT COUNT(*) FROM "votes" WHERE "votes"."votable_id" = $1 AND "votes"."votable_type" = $2 AND "votes"."vote_flag" = $3 AND "votes"."vote_scope" IS NULL[0m  [["votable_id", 2], ["votable_type", "Review"], ["vote_flag", true]]
  [1m[35mCACHE (0.0ms)[0m  SELECT COUNT(*) FROM "votes" WHERE "votes"."votable_id" = $1 AND "votes"."votable_type" = $2 AND "votes"."vote_flag" = $3 AND "votes"."vote_scope" IS NULL  [["votable_id", 2], ["votable_type", "Review"], ["vote_flag", false]]
  [1m[36mCACHE (0.0ms)[0m  [1mSELECT COUNT(*) FROM "votes" WHERE "votes"."votable_id" = $1 AND "votes"."votable_type" = $2 AND "votes"."vote_flag" = $3 AND "votes"."vote_scope" IS NULL[0m  [["votable_id", 2], ["votable_type", "Review"], ["vote_flag", true]]
  [1m[35mCACHE (0.0ms)[0m  SELECT COUNT(*) FROM "votes" WHERE "votes"."votable_id" = $1 AND "votes"."votable_type" = $2 AND "votes"."vote_flag" = $3 AND "votes"."vote_scope" IS NULL  [["votable_id", 2], ["votable_type", "Review"], ["vote_flag", false]]
  [1m[36mCACHE (0.0ms)[0m  [1mSELECT COUNT(*) FROM "votes" WHERE "votes"."votable_id" = $1 AND "votes"."votable_type" = $2 AND "votes"."vote_flag" = $3 AND "votes"."vote_scope" IS NULL[0m  [["votable_id", 2], ["votable_type", "Review"], ["vote_flag", true]]
  [1m[35mCACHE (0.0ms)[0m  SELECT COUNT(*) FROM "votes" WHERE "votes"."votable_id" = $1 AND "votes"."votable_type" = $2 AND "votes"."vote_flag" = $3 AND "votes"."vote_scope" IS NULL  [["votable_id", 2], ["votable_type", "Review"], ["vote_flag", false]]
  Rendered users/_user_trust_icon.html.erb (55.7ms)
  Rendered movies/show.html.erb within layouts/application (179.3ms)
  Rendered layouts/_nav.html.erb (0.4ms)
Completed 200 OK in 327ms (Views: 190.9ms | ActiveRecord: 8.0ms)


Started GET "/movies/1" for ::1 at 2016-06-17 13:45:23 -0500
Processing by MoviesController#show as HTML
  Parameters: {"id"=>"1"}
  [1m[36mMovie Load (0.5ms)[0m  [1mSELECT  "movies".* FROM "movies" WHERE "movies"."id" = $1 LIMIT 1[0m  [["id", 1]]
  Rendered movies/_movieinfo.html.erb (0.2ms)
  [1m[35mReview Load (0.4ms)[0m  SELECT "reviews".* FROM "reviews" WHERE "reviews"."movie_id" = $1  [["movie_id", 1]]
  [1m[36m (0.4ms)[0m  [1mSELECT COUNT(*) FROM "votes" WHERE "votes"."votable_id" = $1 AND "votes"."votable_type" = $2 AND "votes"."vote_flag" = $3 AND "votes"."vote_scope" IS NULL[0m  [["votable_id", 2], ["votable_type", "Review"], ["vote_flag", "t"]]
  [1m[35m (0.4ms)[0m  SELECT COUNT(*) FROM "votes" WHERE "votes"."votable_id" = $1 AND "votes"."votable_type" = $2 AND "votes"."vote_flag" = $3 AND "votes"."vote_scope" IS NULL  [["votable_id", 2], ["votable_type", "Review"], ["vote_flag", "f"]]
  [1m[36m (0.2ms)[0m  [1mSELECT COUNT(*) FROM "votes" WHERE "votes"."votable_id" = $1 AND "votes"."votable_type" = $2 AND "votes"."vote_flag" = $3 AND "votes"."vote_scope" IS NULL[0m  [["votable_id", 1], ["votable_type", "Review"], ["vote_flag", "t"]]
  [1m[35m (0.2ms)[0m  SELECT COUNT(*) FROM "votes" WHERE "votes"."votable_id" = $1 AND "votes"."votable_type" = $2 AND "votes"."vote_flag" = $3 AND "votes"."vote_scope" IS NULL  [["votable_id", 1], ["votable_type", "Review"], ["vote_flag", "f"]]
  [1m[36mCACHE (0.0ms)[0m  [1mSELECT COUNT(*) FROM "votes" WHERE "votes"."votable_id" = $1 AND "votes"."votable_type" = $2 AND "votes"."vote_flag" = $3 AND "votes"."vote_scope" IS NULL[0m  [["votable_id", 1], ["votable_type", "Review"], ["vote_flag", true]]
  [1m[35mCACHE (0.0ms)[0m  SELECT COUNT(*) FROM "votes" WHERE "votes"."votable_id" = $1 AND "votes"."votable_type" = $2 AND "votes"."vote_flag" = $3 AND "votes"."vote_scope" IS NULL  [["votable_id", 1], ["votable_type", "Review"], ["vote_flag", true]]
  [1m[36mCACHE (0.0ms)[0m  [1mSELECT COUNT(*) FROM "votes" WHERE "votes"."votable_id" = $1 AND "votes"."votable_type" = $2 AND "votes"."vote_flag" = $3 AND "votes"."vote_scope" IS NULL[0m  [["votable_id", 1], ["votable_type", "Review"], ["vote_flag", false]]
  [1m[35mCACHE (0.0ms)[0m  SELECT COUNT(*) FROM "votes" WHERE "votes"."votable_id" = $1 AND "votes"."votable_type" = $2 AND "votes"."vote_flag" = $3 AND "votes"."vote_scope" IS NULL  [["votable_id", 1], ["votable_type", "Review"], ["vote_flag", false]]
  Rendered _vote_up_down_count.html.erb (5.2ms)
  [1m[36mUser Load (0.3ms)[0m  [1mSELECT  "users".* FROM "users" WHERE "users"."id" = $1 LIMIT 1[0m  [["id", 1]]
  [1m[35mReview Load (0.3ms)[0m  SELECT "reviews".* FROM "reviews" WHERE "reviews"."reviewer_id" = $1  [["reviewer_id", 1]]
  [1m[36mCACHE (0.0ms)[0m  [1mSELECT COUNT(*) FROM "votes" WHERE "votes"."votable_id" = $1 AND "votes"."votable_type" = $2 AND "votes"."vote_flag" = $3 AND "votes"."vote_scope" IS NULL[0m  [["votable_id", 1], ["votable_type", "Review"], ["vote_flag", true]]
  [1m[35mCACHE (0.0ms)[0m  SELECT COUNT(*) FROM "votes" WHERE "votes"."votable_id" = $1 AND "votes"."votable_type" = $2 AND "votes"."vote_flag" = $3 AND "votes"."vote_scope" IS NULL  [["votable_id", 1], ["votable_type", "Review"], ["vote_flag", false]]
  [1m[36mCACHE (0.0ms)[0m  [1mSELECT COUNT(*) FROM "votes" WHERE "votes"."votable_id" = $1 AND "votes"."votable_type" = $2 AND "votes"."vote_flag" = $3 AND "votes"."vote_scope" IS NULL[0m  [["votable_id", 1], ["votable_type", "Review"], ["vote_flag", true]]
  [1m[35mCACHE (0.0ms)[0m  SELECT COUNT(*) FROM "votes" WHERE "votes"."votable_id" = $1 AND "votes"."votable_type" = $2 AND "votes"."vote_flag" = $3 AND "votes"."vote_scope" IS NULL  [["votable_id", 1], ["votable_type", "Review"], ["vote_flag", false]]
  [1m[36mCACHE (0.0ms)[0m  [1mSELECT COUNT(*) FROM "votes" WHERE "votes"."votable_id" = $1 AND "votes"."votable_type" = $2 AND "votes"."vote_flag" = $3 AND "votes"."vote_scope" IS NULL[0m  [["votable_id", 1], ["votable_type", "Review"], ["vote_flag", true]]
  [1m[35mCACHE (0.0ms)[0m  SELECT COUNT(*) FROM "votes" WHERE "votes"."votable_id" = $1 AND "votes"."votable_type" = $2 AND "votes"."vote_flag" = $3 AND "votes"."vote_scope" IS NULL  [["votable_id", 1], ["votable_type", "Review"], ["vote_flag", false]]
  [1m[36mCACHE (0.0ms)[0m  [1mSELECT COUNT(*) FROM "votes" WHERE "votes"."votable_id" = $1 AND "votes"."votable_type" = $2 AND "votes"."vote_flag" = $3 AND "votes"."vote_scope" IS NULL[0m  [["votable_id", 1], ["votable_type", "Review"], ["vote_flag", true]]
  [1m[35mCACHE (0.0ms)[0m  SELECT COUNT(*) FROM "votes" WHERE "votes"."votable_id" = $1 AND "votes"."votable_type" = $2 AND "votes"."vote_flag" = $3 AND "votes"."vote_scope" IS NULL  [["votable_id", 1], ["votable_type", "Review"], ["vote_flag", false]]
  [1m[36mCACHE (0.0ms)[0m  [1mSELECT COUNT(*) FROM "votes" WHERE "votes"."votable_id" = $1 AND "votes"."votable_type" = $2 AND "votes"."vote_flag" = $3 AND "votes"."vote_scope" IS NULL[0m  [["votable_id", 1], ["votable_type", "Review"], ["vote_flag", true]]
  [1m[35mCACHE (0.0ms)[0m  SELECT COUNT(*) FROM "votes" WHERE "votes"."votable_id" = $1 AND "votes"."votable_type" = $2 AND "votes"."vote_flag" = $3 AND "votes"."vote_scope" IS NULL  [["votable_id", 1], ["votable_type", "Review"], ["vote_flag", false]]
  [1m[36mCACHE (0.0ms)[0m  [1mSELECT COUNT(*) FROM "votes" WHERE "votes"."votable_id" = $1 AND "votes"."votable_type" = $2 AND "votes"."vote_flag" = $3 AND "votes"."vote_scope" IS NULL[0m  [["votable_id", 1], ["votable_type", "Review"], ["vote_flag", true]]
  [1m[35mCACHE (0.0ms)[0m  SELECT COUNT(*) FROM "votes" WHERE "votes"."votable_id" = $1 AND "votes"."votable_type" = $2 AND "votes"."vote_flag" = $3 AND "votes"."vote_scope" IS NULL  [["votable_id", 1], ["votable_type", "Review"], ["vote_flag", false]]
  [1m[36mCACHE (0.0ms)[0m  [1mSELECT COUNT(*) FROM "votes" WHERE "votes"."votable_id" = $1 AND "votes"."votable_type" = $2 AND "votes"."vote_flag" = $3 AND "votes"."vote_scope" IS NULL[0m  [["votable_id", 1], ["votable_type", "Review"], ["vote_flag", true]]
  [1m[35mCACHE (0.0ms)[0m  SELECT COUNT(*) FROM "votes" WHERE "votes"."votable_id" = $1 AND "votes"."votable_type" = $2 AND "votes"."vote_flag" = $3 AND "votes"."vote_scope" IS NULL  [["votable_id", 1], ["votable_type", "Review"], ["vote_flag", false]]
  [1m[36mCACHE (0.0ms)[0m  [1mSELECT COUNT(*) FROM "votes" WHERE "votes"."votable_id" = $1 AND "votes"."votable_type" = $2 AND "votes"."vote_flag" = $3 AND "votes"."vote_scope" IS NULL[0m  [["votable_id", 1], ["votable_type", "Review"], ["vote_flag", true]]
  [1m[35mCACHE (0.0ms)[0m  SELECT COUNT(*) FROM "votes" WHERE "votes"."votable_id" = $1 AND "votes"."votable_type" = $2 AND "votes"."vote_flag" = $3 AND "votes"."vote_scope" IS NULL  [["votable_id", 1], ["votable_type", "Review"], ["vote_flag", false]]
  [1m[36mCACHE (0.0ms)[0m  [1mSELECT COUNT(*) FROM "votes" WHERE "votes"."votable_id" = $1 AND "votes"."votable_type" = $2 AND "votes"."vote_flag" = $3 AND "votes"."vote_scope" IS NULL[0m  [["votable_id", 1], ["votable_type", "Review"], ["vote_flag", true]]
  [1m[35mCACHE (0.0ms)[0m  SELECT COUNT(*) FROM "votes" WHERE "votes"."votable_id" = $1 AND "votes"."votable_type" = $2 AND "votes"."vote_flag" = $3 AND "votes"."vote_scope" IS NULL  [["votable_id", 1], ["votable_type", "Review"], ["vote_flag", false]]
  [1m[36mCACHE (0.0ms)[0m  [1mSELECT COUNT(*) FROM "votes" WHERE "votes"."votable_id" = $1 AND "votes"."votable_type" = $2 AND "votes"."vote_flag" = $3 AND "votes"."vote_scope" IS NULL[0m  [["votable_id", 1], ["votable_type", "Review"], ["vote_flag", true]]
  [1m[35mCACHE (0.0ms)[0m  SELECT COUNT(*) FROM "votes" WHERE "votes"."votable_id" = $1 AND "votes"."votable_type" = $2 AND "votes"."vote_flag" = $3 AND "votes"."vote_scope" IS NULL  [["votable_id", 1], ["votable_type", "Review"], ["vote_flag", false]]
  [1m[36mCACHE (0.0ms)[0m  [1mSELECT COUNT(*) FROM "votes" WHERE "votes"."votable_id" = $1 AND "votes"."votable_type" = $2 AND "votes"."vote_flag" = $3 AND "votes"."vote_scope" IS NULL[0m  [["votable_id", 1], ["votable_type", "Review"], ["vote_flag", true]]
  [1m[35mCACHE (0.0ms)[0m  SELECT COUNT(*) FROM "votes" WHERE "votes"."votable_id" = $1 AND "votes"."votable_type" = $2 AND "votes"."vote_flag" = $3 AND "votes"."vote_scope" IS NULL  [["votable_id", 1], ["votable_type", "Review"], ["vote_flag", false]]
  [1m[36mCACHE (0.0ms)[0m  [1mSELECT COUNT(*) FROM "votes" WHERE "votes"."votable_id" = $1 AND "votes"."votable_type" = $2 AND "votes"."vote_flag" = $3 AND "votes"."vote_scope" IS NULL[0m  [["votable_id", 1], ["votable_type", "Review"], ["vote_flag", true]]
  [1m[35mCACHE (0.0ms)[0m  SELECT COUNT(*) FROM "votes" WHERE "votes"."votable_id" = $1 AND "votes"."votable_type" = $2 AND "votes"."vote_flag" = $3 AND "votes"."vote_scope" IS NULL  [["votable_id", 1], ["votable_type", "Review"], ["vote_flag", false]]
  [1m[36mCACHE (0.0ms)[0m  [1mSELECT COUNT(*) FROM "votes" WHERE "votes"."votable_id" = $1 AND "votes"."votable_type" = $2 AND "votes"."vote_flag" = $3 AND "votes"."vote_scope" IS NULL[0m  [["votable_id", 1], ["votable_type", "Review"], ["vote_flag", true]]
  [1m[35mCACHE (0.0ms)[0m  SELECT COUNT(*) FROM "votes" WHERE "votes"."votable_id" = $1 AND "votes"."votable_type" = $2 AND "votes"."vote_flag" = $3 AND "votes"."vote_scope" IS NULL  [["votable_id", 1], ["votable_type", "Review"], ["vote_flag", false]]
  [1m[36mCACHE (0.0ms)[0m  [1mSELECT COUNT(*) FROM "votes" WHERE "votes"."votable_id" = $1 AND "votes"."votable_type" = $2 AND "votes"."vote_flag" = $3 AND "votes"."vote_scope" IS NULL[0m  [["votable_id", 1], ["votable_type", "Review"], ["vote_flag", true]]
  [1m[35mCACHE (0.0ms)[0m  SELECT COUNT(*) FROM "votes" WHERE "votes"."votable_id" = $1 AND "votes"."votable_type" = $2 AND "votes"."vote_flag" = $3 AND "votes"."vote_scope" IS NULL  [["votable_id", 1], ["votable_type", "Review"], ["vote_flag", false]]
  [1m[36mCACHE (0.0ms)[0m  [1mSELECT COUNT(*) FROM "votes" WHERE "votes"."votable_id" = $1 AND "votes"."votable_type" = $2 AND "votes"."vote_flag" = $3 AND "votes"."vote_scope" IS NULL[0m  [["votable_id", 1], ["votable_type", "Review"], ["vote_flag", true]]
  [1m[35mCACHE (0.0ms)[0m  SELECT COUNT(*) FROM "votes" WHERE "votes"."votable_id" = $1 AND "votes"."votable_type" = $2 AND "votes"."vote_flag" = $3 AND "votes"."vote_scope" IS NULL  [["votable_id", 1], ["votable_type", "Review"], ["vote_flag", false]]
  [1m[36mCACHE (0.0ms)[0m  [1mSELECT COUNT(*) FROM "votes" WHERE "votes"."votable_id" = $1 AND "votes"."votable_type" = $2 AND "votes"."vote_flag" = $3 AND "votes"."vote_scope" IS NULL[0m  [["votable_id", 1], ["votable_type", "Review"], ["vote_flag", true]]
  [1m[35mCACHE (0.0ms)[0m  SELECT COUNT(*) FROM "votes" WHERE "votes"."votable_id" = $1 AND "votes"."votable_type" = $2 AND "votes"."vote_flag" = $3 AND "votes"."vote_scope" IS NULL  [["votable_id", 1], ["votable_type", "Review"], ["vote_flag", false]]
  [1m[36mCACHE (0.0ms)[0m  [1mSELECT COUNT(*) FROM "votes" WHERE "votes"."votable_id" = $1 AND "votes"."votable_type" = $2 AND "votes"."vote_flag" = $3 AND "votes"."vote_scope" IS NULL[0m  [["votable_id", 1], ["votable_type", "Review"], ["vote_flag", true]]
  [1m[35mCACHE (0.0ms)[0m  SELECT COUNT(*) FROM "votes" WHERE "votes"."votable_id" = $1 AND "votes"."votable_type" = $2 AND "votes"."vote_flag" = $3 AND "votes"."vote_scope" IS NULL  [["votable_id", 1], ["votable_type", "Review"], ["vote_flag", false]]
  [1m[36mCACHE (0.0ms)[0m  [1mSELECT COUNT(*) FROM "votes" WHERE "votes"."votable_id" = $1 AND "votes"."votable_type" = $2 AND "votes"."vote_flag" = $3 AND "votes"."vote_scope" IS NULL[0m  [["votable_id", 1], ["votable_type", "Review"], ["vote_flag", true]]
  [1m[35mCACHE (0.0ms)[0m  SELECT COUNT(*) FROM "votes" WHERE "votes"."votable_id" = $1 AND "votes"."votable_type" = $2 AND "votes"."vote_flag" = $3 AND "votes"."vote_scope" IS NULL  [["votable_id", 1], ["votable_type", "Review"], ["vote_flag", false]]
  Rendered users/_user_trust_icon.html.erb (42.3ms)
  [1m[36mCACHE (0.0ms)[0m  [1mSELECT COUNT(*) FROM "votes" WHERE "votes"."votable_id" = $1 AND "votes"."votable_type" = $2 AND "votes"."vote_flag" = $3 AND "votes"."vote_scope" IS NULL[0m  [["votable_id", 2], ["votable_type", "Review"], ["vote_flag", true]]
  [1m[35mCACHE (0.0ms)[0m  SELECT COUNT(*) FROM "votes" WHERE "votes"."votable_id" = $1 AND "votes"."votable_type" = $2 AND "votes"."vote_flag" = $3 AND "votes"."vote_scope" IS NULL  [["votable_id", 2], ["votable_type", "Review"], ["vote_flag", true]]
  [1m[36mCACHE (0.0ms)[0m  [1mSELECT COUNT(*) FROM "votes" WHERE "votes"."votable_id" = $1 AND "votes"."votable_type" = $2 AND "votes"."vote_flag" = $3 AND "votes"."vote_scope" IS NULL[0m  [["votable_id", 2], ["votable_type", "Review"], ["vote_flag", false]]
  [1m[35mCACHE (0.0ms)[0m  SELECT COUNT(*) FROM "votes" WHERE "votes"."votable_id" = $1 AND "votes"."votable_type" = $2 AND "votes"."vote_flag" = $3 AND "votes"."vote_scope" IS NULL  [["votable_id", 2], ["votable_type", "Review"], ["vote_flag", false]]
  Rendered _vote_up_down_count.html.erb (4.9ms)
  [1m[36mUser Load (0.3ms)[0m  [1mSELECT  "users".* FROM "users" WHERE "users"."id" = $1 LIMIT 1[0m  [["id", 2]]
  [1m[35mReview Load (0.2ms)[0m  SELECT "reviews".* FROM "reviews" WHERE "reviews"."reviewer_id" = $1  [["reviewer_id", 2]]
  [1m[36mCACHE (0.0ms)[0m  [1mSELECT COUNT(*) FROM "votes" WHERE "votes"."votable_id" = $1 AND "votes"."votable_type" = $2 AND "votes"."vote_flag" = $3 AND "votes"."vote_scope" IS NULL[0m  [["votable_id", 2], ["votable_type", "Review"], ["vote_flag", true]]
  [1m[35mCACHE (0.0ms)[0m  SELECT COUNT(*) FROM "votes" WHERE "votes"."votable_id" = $1 AND "votes"."votable_type" = $2 AND "votes"."vote_flag" = $3 AND "votes"."vote_scope" IS NULL  [["votable_id", 2], ["votable_type", "Review"], ["vote_flag", false]]
  [1m[36mCACHE (0.0ms)[0m  [1mSELECT COUNT(*) FROM "votes" WHERE "votes"."votable_id" = $1 AND "votes"."votable_type" = $2 AND "votes"."vote_flag" = $3 AND "votes"."vote_scope" IS NULL[0m  [["votable_id", 2], ["votable_type", "Review"], ["vote_flag", true]]
  [1m[35mCACHE (0.0ms)[0m  SELECT COUNT(*) FROM "votes" WHERE "votes"."votable_id" = $1 AND "votes"."votable_type" = $2 AND "votes"."vote_flag" = $3 AND "votes"."vote_scope" IS NULL  [["votable_id", 2], ["votable_type", "Review"], ["vote_flag", false]]
  [1m[36mCACHE (0.0ms)[0m  [1mSELECT COUNT(*) FROM "votes" WHERE "votes"."votable_id" = $1 AND "votes"."votable_type" = $2 AND "votes"."vote_flag" = $3 AND "votes"."vote_scope" IS NULL[0m  [["votable_id", 2], ["votable_type", "Review"], ["vote_flag", true]]
  [1m[35mCACHE (0.0ms)[0m  SELECT COUNT(*) FROM "votes" WHERE "votes"."votable_id" = $1 AND "votes"."votable_type" = $2 AND "votes"."vote_flag" = $3 AND "votes"."vote_scope" IS NULL  [["votable_id", 2], ["votable_type", "Review"], ["vote_flag", false]]
  [1m[36mCACHE (0.0ms)[0m  [1mSELECT COUNT(*) FROM "votes" WHERE "votes"."votable_id" = $1 AND "votes"."votable_type" = $2 AND "votes"."vote_flag" = $3 AND "votes"."vote_scope" IS NULL[0m  [["votable_id", 2], ["votable_type", "Review"], ["vote_flag", true]]
  [1m[35mCACHE (0.0ms)[0m  SELECT COUNT(*) FROM "votes" WHERE "votes"."votable_id" = $1 AND "votes"."votable_type" = $2 AND "votes"."vote_flag" = $3 AND "votes"."vote_scope" IS NULL  [["votable_id", 2], ["votable_type", "Review"], ["vote_flag", false]]
  [1m[36mCACHE (0.0ms)[0m  [1mSELECT COUNT(*) FROM "votes" WHERE "votes"."votable_id" = $1 AND "votes"."votable_type" = $2 AND "votes"."vote_flag" = $3 AND "votes"."vote_scope" IS NULL[0m  [["votable_id", 2], ["votable_type", "Review"], ["vote_flag", true]]
  [1m[35mCACHE (0.0ms)[0m  SELECT COUNT(*) FROM "votes" WHERE "votes"."votable_id" = $1 AND "votes"."votable_type" = $2 AND "votes"."vote_flag" = $3 AND "votes"."vote_scope" IS NULL  [["votable_id", 2], ["votable_type", "Review"], ["vote_flag", false]]
  [1m[36mCACHE (0.0ms)[0m  [1mSELECT COUNT(*) FROM "votes" WHERE "votes"."votable_id" = $1 AND "votes"."votable_type" = $2 AND "votes"."vote_flag" = $3 AND "votes"."vote_scope" IS NULL[0m  [["votable_id", 2], ["votable_type", "Review"], ["vote_flag", true]]
  [1m[35mCACHE (0.0ms)[0m  SELECT COUNT(*) FROM "votes" WHERE "votes"."votable_id" = $1 AND "votes"."votable_type" = $2 AND "votes"."vote_flag" = $3 AND "votes"."vote_scope" IS NULL  [["votable_id", 2], ["votable_type", "Review"], ["vote_flag", false]]
  [1m[36mCACHE (0.0ms)[0m  [1mSELECT COUNT(*) FROM "votes" WHERE "votes"."votable_id" = $1 AND "votes"."votable_type" = $2 AND "votes"."vote_flag" = $3 AND "votes"."vote_scope" IS NULL[0m  [["votable_id", 2], ["votable_type", "Review"], ["vote_flag", true]]
  [1m[35mCACHE (0.0ms)[0m  SELECT COUNT(*) FROM "votes" WHERE "votes"."votable_id" = $1 AND "votes"."votable_type" = $2 AND "votes"."vote_flag" = $3 AND "votes"."vote_scope" IS NULL  [["votable_id", 2], ["votable_type", "Review"], ["vote_flag", false]]
  [1m[36mCACHE (0.0ms)[0m  [1mSELECT COUNT(*) FROM "votes" WHERE "votes"."votable_id" = $1 AND "votes"."votable_type" = $2 AND "votes"."vote_flag" = $3 AND "votes"."vote_scope" IS NULL[0m  [["votable_id", 2], ["votable_type", "Review"], ["vote_flag", true]]
  [1m[35mCACHE (0.0ms)[0m  SELECT COUNT(*) FROM "votes" WHERE "votes"."votable_id" = $1 AND "votes"."votable_type" = $2 AND "votes"."vote_flag" = $3 AND "votes"."vote_scope" IS NULL  [["votable_id", 2], ["votable_type", "Review"], ["vote_flag", false]]
  [1m[36mCACHE (0.0ms)[0m  [1mSELECT COUNT(*) FROM "votes" WHERE "votes"."votable_id" = $1 AND "votes"."votable_type" = $2 AND "votes"."vote_flag" = $3 AND "votes"."vote_scope" IS NULL[0m  [["votable_id", 2], ["votable_type", "Review"], ["vote_flag", true]]
  [1m[35mCACHE (0.0ms)[0m  SELECT COUNT(*) FROM "votes" WHERE "votes"."votable_id" = $1 AND "votes"."votable_type" = $2 AND "votes"."vote_flag" = $3 AND "votes"."vote_scope" IS NULL  [["votable_id", 2], ["votable_type", "Review"], ["vote_flag", false]]
  [1m[36mCACHE (0.0ms)[0m  [1mSELECT COUNT(*) FROM "votes" WHERE "votes"."votable_id" = $1 AND "votes"."votable_type" = $2 AND "votes"."vote_flag" = $3 AND "votes"."vote_scope" IS NULL[0m  [["votable_id", 2], ["votable_type", "Review"], ["vote_flag", true]]
  [1m[35mCACHE (0.0ms)[0m  SELECT COUNT(*) FROM "votes" WHERE "votes"."votable_id" = $1 AND "votes"."votable_type" = $2 AND "votes"."vote_flag" = $3 AND "votes"."vote_scope" IS NULL  [["votable_id", 2], ["votable_type", "Review"], ["vote_flag", false]]
  [1m[36mCACHE (0.0ms)[0m  [1mSELECT COUNT(*) FROM "votes" WHERE "votes"."votable_id" = $1 AND "votes"."votable_type" = $2 AND "votes"."vote_flag" = $3 AND "votes"."vote_scope" IS NULL[0m  [["votable_id", 2], ["votable_type", "Review"], ["vote_flag", true]]
  [1m[35mCACHE (0.0ms)[0m  SELECT COUNT(*) FROM "votes" WHERE "votes"."votable_id" = $1 AND "votes"."votable_type" = $2 AND "votes"."vote_flag" = $3 AND "votes"."vote_scope" IS NULL  [["votable_id", 2], ["votable_type", "Review"], ["vote_flag", false]]
  [1m[36mCACHE (0.0ms)[0m  [1mSELECT COUNT(*) FROM "votes" WHERE "votes"."votable_id" = $1 AND "votes"."votable_type" = $2 AND "votes"."vote_flag" = $3 AND "votes"."vote_scope" IS NULL[0m  [["votable_id", 2], ["votable_type", "Review"], ["vote_flag", true]]
  [1m[35mCACHE (0.0ms)[0m  SELECT COUNT(*) FROM "votes" WHERE "votes"."votable_id" = $1 AND "votes"."votable_type" = $2 AND "votes"."vote_flag" = $3 AND "votes"."vote_scope" IS NULL  [["votable_id", 2], ["votable_type", "Review"], ["vote_flag", false]]
  [1m[36mCACHE (0.0ms)[0m  [1mSELECT COUNT(*) FROM "votes" WHERE "votes"."votable_id" = $1 AND "votes"."votable_type" = $2 AND "votes"."vote_flag" = $3 AND "votes"."vote_scope" IS NULL[0m  [["votable_id", 2], ["votable_type", "Review"], ["vote_flag", true]]
  [1m[35mCACHE (0.0ms)[0m  SELECT COUNT(*) FROM "votes" WHERE "votes"."votable_id" = $1 AND "votes"."votable_type" = $2 AND "votes"."vote_flag" = $3 AND "votes"."vote_scope" IS NULL  [["votable_id", 2], ["votable_type", "Review"], ["vote_flag", false]]
  [1m[36mCACHE (0.0ms)[0m  [1mSELECT COUNT(*) FROM "votes" WHERE "votes"."votable_id" = $1 AND "votes"."votable_type" = $2 AND "votes"."vote_flag" = $3 AND "votes"."vote_scope" IS NULL[0m  [["votable_id", 2], ["votable_type", "Review"], ["vote_flag", true]]
  [1m[35mCACHE (0.0ms)[0m  SELECT COUNT(*) FROM "votes" WHERE "votes"."votable_id" = $1 AND "votes"."votable_type" = $2 AND "votes"."vote_flag" = $3 AND "votes"."vote_scope" IS NULL  [["votable_id", 2], ["votable_type", "Review"], ["vote_flag", false]]
  [1m[36mCACHE (0.0ms)[0m  [1mSELECT COUNT(*) FROM "votes" WHERE "votes"."votable_id" = $1 AND "votes"."votable_type" = $2 AND "votes"."vote_flag" = $3 AND "votes"."vote_scope" IS NULL[0m  [["votable_id", 2], ["votable_type", "Review"], ["vote_flag", true]]
  [1m[35mCACHE (0.0ms)[0m  SELECT COUNT(*) FROM "votes" WHERE "votes"."votable_id" = $1 AND "votes"."votable_type" = $2 AND "votes"."vote_flag" = $3 AND "votes"."vote_scope" IS NULL  [["votable_id", 2], ["votable_type", "Review"], ["vote_flag", false]]
  [1m[36mCACHE (0.0ms)[0m  [1mSELECT COUNT(*) FROM "votes" WHERE "votes"."votable_id" = $1 AND "votes"."votable_type" = $2 AND "votes"."vote_flag" = $3 AND "votes"."vote_scope" IS NULL[0m  [["votable_id", 2], ["votable_type", "Review"], ["vote_flag", true]]
  [1m[35mCACHE (0.0ms)[0m  SELECT COUNT(*) FROM "votes" WHERE "votes"."votable_id" = $1 AND "votes"."votable_type" = $2 AND "votes"."vote_flag" = $3 AND "votes"."vote_scope" IS NULL  [["votable_id", 2], ["votable_type", "Review"], ["vote_flag", false]]
  [1m[36mCACHE (0.0ms)[0m  [1mSELECT COUNT(*) FROM "votes" WHERE "votes"."votable_id" = $1 AND "votes"."votable_type" = $2 AND "votes"."vote_flag" = $3 AND "votes"."vote_scope" IS NULL[0m  [["votable_id", 2], ["votable_type", "Review"], ["vote_flag", true]]
  [1m[35mCACHE (0.0ms)[0m  SELECT COUNT(*) FROM "votes" WHERE "votes"."votable_id" = $1 AND "votes"."votable_type" = $2 AND "votes"."vote_flag" = $3 AND "votes"."vote_scope" IS NULL  [["votable_id", 2], ["votable_type", "Review"], ["vote_flag", false]]
  [1m[36mCACHE (0.0ms)[0m  [1mSELECT COUNT(*) FROM "votes" WHERE "votes"."votable_id" = $1 AND "votes"."votable_type" = $2 AND "votes"."vote_flag" = $3 AND "votes"."vote_scope" IS NULL[0m  [["votable_id", 2], ["votable_type", "Review"], ["vote_flag", true]]
  [1m[35mCACHE (0.0ms)[0m  SELECT COUNT(*) FROM "votes" WHERE "votes"."votable_id" = $1 AND "votes"."votable_type" = $2 AND "votes"."vote_flag" = $3 AND "votes"."vote_scope" IS NULL  [["votable_id", 2], ["votable_type", "Review"], ["vote_flag", false]]
  Rendered users/_user_trust_icon.html.erb (103.9ms)
  Rendered movies/show.html.erb within layouts/application (174.4ms)
  Rendered layouts/_nav.html.erb (0.3ms)
Completed 200 OK in 243ms (Views: 236.1ms | ActiveRecord: 4.8ms)


Started GET "/assets/comments.self-d1a06f435f5e503021a0780b9d9d5fe52a13b45a929554315fafc8dbc0f70c1e.css?body=1" for ::1 at 2016-06-17 13:45:24 -0500


Started GET "/assets/reviews.self-be6851ed438502b1779d03700e65e4922461d14cc9994d6e1a67c5f8c673d065.css?body=1" for ::1 at 2016-06-17 13:45:24 -0500


Started GET "/assets/sessions.self-fce30c85362eeb0c77c4a9b5fee1f27b4a5b6e161ef33fd458e3999af0690a03.css?body=1" for ::1 at 2016-06-17 13:45:24 -0500


Started GET "/assets/welcome.self-e3b0c44298fc1c149afbf4c8996fb92427ae41e4649b934ca495991b7852b855.css?body=1" for ::1 at 2016-06-17 13:45:24 -0500


Started GET "/assets/users.self-e3b0c44298fc1c149afbf4c8996fb92427ae41e4649b934ca495991b7852b855.css?body=1" for ::1 at 2016-06-17 13:45:24 -0500


Started GET "/assets/movies.self-b3274aeebb8b1024d22c64fd24c44499d6c4885bfb23d9de2e5bf0b26cc1ceac.css?body=1" for ::1 at 2016-06-17 13:45:24 -0500


Started GET "/assets/application.self-03fd98f6d8a0fd79daf7fff6008dead7a52db717588654b51ff9e277d9b7f3b7.css?body=1" for ::1 at 2016-06-17 13:45:24 -0500


Started GET "/assets/jquery.self-660adc51e0224b731d29f575a6f1ec167ba08ad06ed5deca4f1e8654c135bf4c.js?body=1" for ::1 at 2016-06-17 13:45:24 -0500


Started GET "/assets/jquery_ujs.self-e87806d0cf4489aeb1bb7288016024e8de67fd18db693fe026fe3907581e53cd.js?body=1" for ::1 at 2016-06-17 13:45:24 -0500


Started GET "/assets/application.self-8b8e1b8690d3929df71fd72da35acda527ad4e9dc2e957cb2c9ccb94bf039f1f.js?body=1" for ::1 at 2016-06-17 13:45:24 -0500


Started GET "/assets/green_tomato-4635b472b4432441fdc2ba62759b00543d1e8164776db98a2362ce6d4f4f3818.png" for ::1 at 2016-06-17 13:45:24 -0500
